<?xml version="1.0" encoding="UTF-8"?>
<!-- Generated by org.testng.reporters.JUnitReportReporter -->
<testsuite hostname="tpetrov-PC" name="com.sirma.itt.javacourse.intro.tests.TestRandomSymbolGenerator" tests="2" failures="0" timestamp="28 Aug 2014 13:10:33 GMT" time="0.032" errors="0">
  <testcase name="randomSymbolGenerator" time="0.032" classname="com.sirma.itt.javacourse.intro.tests.TestRandomSymbolGenerator"/>
  <testcase name="randomSymbolGenerator" time="0.000" classname="com.sirma.itt.javacourse.intro.tests.TestRandomSymbolGenerator"/>
</testsuite> <!-- com.sirma.itt.javacourse.intro.tests.TestRandomSymbolGenerator -->
