<?xml version="1.0" encoding="UTF-8"?>
<!-- Generated by org.testng.reporters.JUnitReportReporter -->
<testsuite hostname="tpetrov-PC" name="com.sirma.itt.javacourse.intro.tests.TestQuickSort" tests="3" failures="0" timestamp="3 Sep 2014 06:36:51 GMT" time="0.031" errors="0">
  <testcase name="testQuickSort" time="0.000" classname="com.sirma.itt.javacourse.intro.tests.TestQuickSort"/>
  <testcase name="testQuickSort" time="0.015" classname="com.sirma.itt.javacourse.intro.tests.TestQuickSort"/>
  <testcase name="testQuickSort" time="0.016" classname="com.sirma.itt.javacourse.intro.tests.TestQuickSort"/>
</testsuite> <!-- com.sirma.itt.javacourse.intro.tests.TestQuickSort -->
