<?xml version="1.0" encoding="UTF-8"?>
<!-- Generated by org.testng.reporters.JUnitReportReporter -->
<testsuite hostname="tpetrov-PC" name="com.sirma.itt.javacourse.intro.tests.TestArrayMedianFinder" tests="2" failures="0" timestamp="18 Jul 2014 06:44:44 GMT" time="0.016" errors="0">
  <testcase name="leastComDiv" time="0.016" classname="com.sirma.itt.javacourse.intro.tests.TestArrayMedianFinder"/>
  <testcase name="leastComDiv" time="0.000" classname="com.sirma.itt.javacourse.intro.tests.TestArrayMedianFinder"/>
</testsuite> <!-- com.sirma.itt.javacourse.intro.tests.TestArrayMedianFinder -->
