<?xml version="1.0" encoding="UTF-8"?>
<!-- Generated by org.testng.reporters.JUnitReportReporter -->
<testsuite hostname="tpetrov-PC" name="com.sirma.itt.javacourse.intro.tests.TestCalcLeastComDiv" tests="4" failures="0" timestamp="17 Jul 2014 08:10:43 GMT" time="0.031" errors="0">
  <testcase name="leastComDiv" time="0.016" classname="com.sirma.itt.javacourse.intro.tests.TestCalcLeastComDiv"/>
  <testcase name="leastComDiv" time="0.000" classname="com.sirma.itt.javacourse.intro.tests.TestCalcLeastComDiv"/>
  <testcase name="leastComDiv" time="0.015" classname="com.sirma.itt.javacourse.intro.tests.TestCalcLeastComDiv"/>
  <testcase name="leastComDiv" time="0.000" classname="com.sirma.itt.javacourse.intro.tests.TestCalcLeastComDiv"/>
</testsuite> <!-- com.sirma.itt.javacourse.intro.tests.TestCalcLeastComDiv -->
