<?xml version="1.0" encoding="UTF-8"?>
<!-- Generated by org.testng.reporters.JUnitReportReporter -->
<testsuite hostname="tpetrov-PC" name="com.sirma.itt.javacourse.intro.tests.TestSumLongNumbers" tests="1" failures="0" timestamp="18 Aug 2014 07:27:44 GMT" time="0.032" errors="0">
  <testcase name="sumLongNumbers" time="0.032" classname="com.sirma.itt.javacourse.intro.tests.TestSumLongNumbers"/>
</testsuite> <!-- com.sirma.itt.javacourse.intro.tests.TestSumLongNumbers -->
