<?xml version="1.0" encoding="UTF-8"?>
<!-- Generated by org.testng.reporters.JUnitReportReporter -->
<testsuite hostname="tpetrov-PC" name="com.sirma.itt.javacourse.intro.tests.TestGreatComDiv" tests="4" failures="0" timestamp="17 Jul 2014 07:53:39 GMT" time="0.031" errors="0">
  <testcase name="greatComDiv" time="0.000" classname="com.sirma.itt.javacourse.intro.tests.TestGreatComDiv"/>
  <testcase name="greatComDiv" time="0.016" classname="com.sirma.itt.javacourse.intro.tests.TestGreatComDiv"/>
  <testcase name="greatComDiv" time="0.000" classname="com.sirma.itt.javacourse.intro.tests.TestGreatComDiv"/>
  <testcase name="greatComDiv" time="0.015" classname="com.sirma.itt.javacourse.intro.tests.TestGreatComDiv"/>
</testsuite> <!-- com.sirma.itt.javacourse.intro.tests.TestGreatComDiv -->
