<?xml version="1.0" encoding="UTF-8"?>
<!-- Generated by org.testng.reporters.JUnitReportReporter -->
<testsuite hostname="tpetrov-PC" name="com.sirma.itt.javacourse.intro.tests.TestSumLongNumbers" tests="4" failures="0" timestamp="28 Aug 2014 14:16:03 GMT" time="0.031" errors="0">
  <testcase name="sumLongNumbers" time="0.016" classname="com.sirma.itt.javacourse.intro.tests.TestSumLongNumbers"/>
  <testcase name="sumLongNumbers" time="0.000" classname="com.sirma.itt.javacourse.intro.tests.TestSumLongNumbers"/>
  <testcase name="sumLongNumbers" time="0.015" classname="com.sirma.itt.javacourse.intro.tests.TestSumLongNumbers"/>
  <testcase name="sumLongNumbers" time="0.000" classname="com.sirma.itt.javacourse.intro.tests.TestSumLongNumbers"/>
</testsuite> <!-- com.sirma.itt.javacourse.intro.tests.TestSumLongNumbers -->
