<?xml version="1.0" encoding="UTF-8"?>
<!-- Generated by org.testng.reporters.JUnitReportReporter -->
<testsuite hostname="tpetrov-PC" name="com.sirma.itt.javacourse.intro.tests.TestArrayMedianFinder" tests="2" failures="0" timestamp="23 Jul 2014 13:42:24 GMT" time="0.031" errors="0">
  <testcase name="testMedianFinder" time="0.016" classname="com.sirma.itt.javacourse.intro.tests.TestArrayMedianFinder"/>
  <testcase name="testMedianFinder" time="0.015" classname="com.sirma.itt.javacourse.intro.tests.TestArrayMedianFinder"/>
</testsuite> <!-- com.sirma.itt.javacourse.intro.tests.TestArrayMedianFinder -->
