<?xml version="1.0" encoding="UTF-8"?>
<!-- Generated by org.testng.reporters.JUnitReportReporter -->
<testsuite hostname="tpetrov-PC" name="com.sirma.itt.javacourse.intro.tests.TestArrayMedianFinder" tests="3" failures="0" timestamp="29 Jul 2014 08:31:05 GMT" time="0.032" errors="0">
  <testcase name="testMedianFinder" time="0.016" classname="com.sirma.itt.javacourse.intro.tests.TestArrayMedianFinder"/>
  <testcase name="testMedianFinder" time="0.000" classname="com.sirma.itt.javacourse.intro.tests.TestArrayMedianFinder"/>
  <testcase name="testMedianFinder" time="0.016" classname="com.sirma.itt.javacourse.intro.tests.TestArrayMedianFinder"/>
</testsuite> <!-- com.sirma.itt.javacourse.intro.tests.TestArrayMedianFinder -->
