<?xml version="1.0" encoding="UTF-8"?>
<!-- Generated by org.testng.reporters.JUnitReportReporter -->
<testsuite hostname="tpetrov-PC" name="com.sirma.itt.javacourse.intro.tests.TestFindMedianInRange" tests="1" failures="0" timestamp="24 Jul 2014 12:58:29 GMT" time="0.047" errors="0">
  <testcase name="testMedianFinder" time="0.047" classname="com.sirma.itt.javacourse.intro.tests.TestFindMedianInRange"/>
</testsuite> <!-- com.sirma.itt.javacourse.intro.tests.TestFindMedianInRange -->
