<?xml version="1.0" encoding="UTF-8"?>
<!-- Generated by org.testng.reporters.JUnitReportReporter -->
<testsuite hostname="tpetrov-PC" name="com.sirma.itt.javacourse.intro.tests.TestQuickSort" tests="1" failures="1" timestamp="23 Jul 2014 13:31:41 GMT" time="0.016" errors="0">
  <testcase name="testQuickSort" time="0.016" classname="com.sirma.itt.javacourse.intro.tests.TestQuickSort">
    <failure type="java.lang.StackOverflowError">
      <![CDATA[java.lang.StackOverflowError
	at com.sirma.itt.javacourse.utility.MathUtility.quickSort(MathUtility.java:165)
	at com.sirma.itt.javacourse.utility.MathUtility.quickSort(MathUtility.java:180)
	at com.sirma.itt.javacourse.utility.MathUtility.quickSort(MathUtility.java:180)
	at com.sirma.itt.javacourse.utility.MathUtility.quickSort(MathUtility.java:180)
	at com.sirma.itt.javacourse.utility.MathUtility.quickSort(MathUtility.java:180)
	at com.sirma.itt.javacourse.utility.MathUtility.quickSort(MathUtility.java:180)
	at com.sirma.itt.javacourse.utility.MathUtility.quickSort(MathUtility.java:180)
	at com.sirma.itt.javacourse.utility.MathUtility.quickSort(MathUtility.java:180)
	at com.sirma.itt.javacourse.utility.MathUtility.quickSort(MathUtility.java:180)
	at com.sirma.itt.javacourse.utility.MathUtility.quickSort(MathUtility.java:180)
	at com.sirma.itt.javacourse.utility.MathUtility.quickSort(MathUtility.java:180)
	at com.sirma.itt.javacourse.utility.MathUtility.quickSort(MathUtility.java:180)
	at com.sirma.itt.javacourse.utility.MathUtility.quickSort(MathUtility.java:180)
	at com.sirma.itt.javacourse.utility.MathUtility.quickSort(MathUtility.java:180)
	at com.sirma.itt.javacourse.utility.MathUtility.quickSort(MathUtility.java:180)
	at com.sirma.itt.javacourse.utility.MathUtility.quickSort(MathUtility.java:180)
	at com.sirma.itt.javacourse.utility.MathUtility.quickSort(MathUtility.java:180)
	at com.sirma.itt.javacourse.utility.MathUtility.quickSort(MathUtility.java:180)
	at com.sirma.itt.javacourse.utility.MathUtility.quickSort(MathUtility.java:180)
	at com.sirma.itt.javacourse.utility.MathUtility.quickSort(MathUtility.java:180)
	at com.sirma.itt.javacourse.utility.MathUtility.quickSort(MathUtility.java:180)
	at com.sirma.itt.javacourse.utility.MathUtility.quickSort(MathUtility.java:180)
	at com.sirma.itt.javacourse.utility.MathUtility.quickSort(MathUtility.java:180)
	at com.sirma.itt.javacourse.utility.MathUtility.quickSort(MathUtility.java:180)
	at com.sirma.itt.javacourse.utility.MathUtility.quickSort(MathUtility.java:180)
	at com.sirma.itt.javacourse.utility.MathUtility.quickSort(MathUtility.java:180)
	at com.sirma.itt.javacourse.utility.MathUtility.quickSort(MathUtility.java:180)
	at com.sirma.itt.javacourse.utility.MathUtility.quickSort(MathUtility.java:180)
	at com.sirma.itt.javacourse.utility.MathUtility.quickSort(MathUtility.java:180)
	at com.sirma.itt.javacourse.utility.MathUtility.quickSort(MathUtility.java:180)
	at com.sirma.itt.javacourse.utility.MathUtility.quickSort(MathUtility.java:180)
	at com.sirma.itt.javacourse.utility.MathUtility.quickSort(MathUtility.java:180)
	at com.sirma.itt.javacourse.utility.MathUtility.quickSort(MathUtility.java:180)
	at com.sirma.itt.javacourse.utility.MathUtility.quickSort(MathUtility.java:180)
	at com.sirma.itt.javacourse.utility.MathUtility.quickSort(MathUtility.java:180)
	at com.sirma.itt.javacourse.utility.MathUtility.quickSort(MathUtility.java:180)
	at com.sirma.itt.javacourse.utility.MathUtility.quickSort(MathUtility.java:180)
	at com.sirma.itt.javacourse.utility.MathUtility.quickSort(MathUtility.java:180)
	at com.sirma.itt.javacourse.utility.MathUtility.quickSort(MathUtility.java:180)
	at com.sirma.itt.javacourse.utility.MathUtility.quickSort(MathUtility.java:180)
	at com.sirma.itt.javacourse.utility.MathUtility.quickSort(MathUtility.java:180)
	at com.sirma.itt.javacourse.utility.MathUtility.quickSort(MathUtility.java:180)
	at com.sirma.itt.javacourse.utility.MathUtility.quickSort(MathUtility.java:180)
	at com.sirma.itt.javacourse.utility.MathUtility.quickSort(MathUtility.java:180)
	at com.sirma.itt.javacourse.utility.MathUtility.quickSort(MathUtility.java:180)
	at com.sirma.itt.javacourse.utility.MathUtility.quickSort(MathUtility.java:180)
	at com.sirma.itt.javacourse.utility.MathUtility.quickSort(MathUtility.java:180)
	at com.sirma.itt.javacourse.utility.MathUtility.quickSort(MathUtility.java:180)
	at com.sirma.itt.javacourse.utility.MathUtility.quickSort(MathUtility.java:180)
	at com.sirma.itt.javacourse.utility.MathUtility.quickSort(MathUtility.java:180)
	at com.sirma.itt.javacourse.utility.MathUtility.quickSort(MathUtility.java:180)
	at com.sirma.itt.javacourse.utility.MathUtility.quickSort(MathUtility.java:180)
	at com.sirma.itt.javacourse.utility.MathUtility.quickSort(MathUtility.java:180)
	at com.sirma.itt.javacourse.utility.MathUtility.quickSort(MathUtility.java:180)
	at com.sirma.itt.javacourse.utility.MathUtility.quickSort(MathUtility.java:180)
	at com.sirma.itt.javacourse.utility.MathUtility.quickSort(MathUtility.java:180)
	at com.sirma.itt.javacourse.utility.MathUtility.quickSort(MathUtility.java:180)
	at com.sirma.itt.javacourse.utility.MathUtility.quickSort(MathUtility.java:180)
	at com.sirma.itt.javacourse.utility.MathUtility.quickSort(MathUtility.java:180)
	at com.sirma.itt.javacourse.utility.MathUtility.quickSort(MathUtility.java:180)
	at com.sirma.itt.javacourse.utility.MathUtility.quickSort(MathUtility.java:180)
	at com.sirma.itt.javacourse.utility.MathUtility.quickSort(MathUtility.java:180)
	at com.sirma.itt.javacourse.utility.MathUtility.quickSort(MathUtility.java:180)
	at com.sirma.itt.javacourse.utility.MathUtility.quickSort(MathUtility.java:180)
	at com.sirma.itt.javacourse.utility.MathUtility.quickSort(MathUtility.java:180)
	at com.sirma.itt.javacourse.utility.MathUtility.quickSort(MathUtility.java:180)
	at com.sirma.itt.javacourse.utility.MathUtility.quickSort(MathUtility.java:180)
	at com.sirma.itt.javacourse.utility.MathUtility.quickSort(MathUtility.java:180)
	at com.sirma.itt.javacourse.utility.MathUtility.quickSort(MathUtility.java:180)
	at com.sirma.itt.javacourse.utility.MathUtility.quickSort(MathUtility.java:180)
	at com.sirma.itt.javacourse.utility.MathUtility.quickSort(MathUtility.java:180)
	at com.sirma.itt.javacourse.utility.MathUtility.quickSort(MathUtility.java:180)
	at com.sirma.itt.javacourse.utility.MathUtility.quickSort(MathUtility.java:180)
	at com.sirma.itt.javacourse.utility.MathUtility.quickSort(MathUtility.java:180)
	at com.sirma.itt.javacourse.utility.MathUtility.quickSort(MathUtility.java:180)
	at com.sirma.itt.javacourse.utility.MathUtility.quickSort(MathUtility.java:180)
	at com.sirma.itt.javacourse.utility.MathUtility.quickSort(MathUtility.java:180)
	at com.sirma.itt.javacourse.utility.MathUtility.quickSort(MathUtility.java:180)
	at com.sirma.itt.javacourse.utility.MathUtility.quickSort(MathUtility.java:180)
	at com.sirma.itt.javacourse.utility.MathUtility.quickSort(MathUtility.java:180)
	at com.sirma.itt.javacourse.utility.MathUtility.quickSort(MathUtility.java:180)
	at com.sirma.itt.javacourse.utility.MathUtility.quickSort(MathUtility.java:180)
	at com.sirma.itt.javacourse.utility.MathUtility.quickSort(MathUtility.java:180)
	at com.sirma.itt.javacourse.utility.MathUtility.quickSort(MathUtility.java:180)
	at com.sirma.itt.javacourse.utility.MathUtility.quickSort(MathUtility.java:180)
	at com.sirma.itt.javacourse.utility.MathUtility.quickSort(MathUtility.java:180)
	at com.sirma.itt.javacourse.utility.MathUtility.quickSort(MathUtility.java:180)
	at com.sirma.itt.javacourse.utility.MathUtility.quickSort(MathUtility.java:180)
	at com.sirma.itt.javacourse.utility.MathUtility.quickSort(MathUtility.java:180)
	at com.sirma.itt.javacourse.utility.MathUtility.quickSort(MathUtility.java:180)
	at com.sirma.itt.javacourse.utility.MathUtility.quickSort(MathUtility.java:180)
	at com.sirma.itt.javacourse.utility.MathUtility.quickSort(MathUtility.java:180)
	at com.sirma.itt.javacourse.utility.MathUtility.quickSort(MathUtility.java:180)
	at com.sirma.itt.javacourse.utility.MathUtility.quickSort(MathUtility.java:180)
	at com.sirma.itt.javacourse.utility.MathUtility.quickSort(MathUtility.java:180)
	at com.sirma.itt.javacourse.utility.MathUtility.quickSort(MathUtility.java:180)
	at com.sirma.itt.javacourse.utility.MathUtility.quickSort(MathUtility.java:180)
	at com.sirma.itt.javacourse.utility.MathUtility.quickSort(MathUtility.java:180)
	at com.sirma.itt.javacourse.utility.MathUtility.quickSort(MathUtility.java:180)
	at com.sirma.itt.javacourse.utility.MathUtility.quickSort(MathUtility.java:180)
	at com.sirma.itt.javacourse.utility.MathUtility.quickSort(MathUtility.java:180)
	at com.sirma.itt.javacourse.utility.MathUtility.quickSort(MathUtility.java:180)
	at com.sirma.itt.javacourse.utility.MathUtility.quickSort(MathUtility.java:180)
	at com.sirma.itt.javacourse.utility.MathUtility.quickSort(MathUtility.java:180)
	at com.sirma.itt.javacourse.utility.MathUtility.quickSort(MathUtility.java:180)
	at com.sirma.itt.javacourse.utility.MathUtility.quickSort(MathUtility.java:180)
	at com.sirma.itt.javacourse.utility.MathUtility.quickSort(MathUtility.java:180)
	at com.sirma.itt.javacourse.utility.MathUtility.quickSort(MathUtility.java:180)
	at com.sirma.itt.javacourse.utility.MathUtility.quickSort(MathUtility.java:180)
	at com.sirma.itt.javacourse.utility.MathUtility.quickSort(MathUtility.java:180)
	at com.sirma.itt.javacourse.utility.MathUtility.quickSort(MathUtility.java:180)
	at com.sirma.itt.javacourse.utility.MathUtility.quickSort(MathUtility.java:180)
	at com.sirma.itt.javacourse.utility.MathUtility.quickSort(MathUtility.java:180)
	at com.sirma.itt.javacourse.utility.MathUtility.quickSort(MathUtility.java:180)
	at com.sirma.itt.javacourse.utility.MathUtility.quickSort(MathUtility.java:180)
	at com.sirma.itt.javacourse.utility.MathUtility.quickSort(MathUtility.java:180)
	at com.sirma.itt.javacourse.utility.MathUtility.quickSort(MathUtility.java:180)
	at com.sirma.itt.javacourse.utility.MathUtility.quickSort(MathUtility.java:180)
	at com.sirma.itt.javacourse.utility.MathUtility.quickSort(MathUtility.java:180)
	at com.sirma.itt.javacourse.utility.MathUtility.quickSort(MathUtility.java:180)
	at com.sirma.itt.javacourse.utility.MathUtility.quickSort(MathUtility.java:180)
	at com.sirma.itt.javacourse.utility.MathUtility.quickSort(MathUtility.java:180)
	at com.sirma.itt.javacourse.utility.MathUtility.quickSort(MathUtility.java:180)
	at com.sirma.itt.javacourse.utility.MathUtility.quickSort(MathUtility.java:180)
	at com.sirma.itt.javacourse.utility.MathUtility.quickSort(MathUtility.java:180)
	at com.sirma.itt.javacourse.utility.MathUtility.quickSort(MathUtility.java:180)
	at com.sirma.itt.javacourse.utility.MathUtility.quickSort(MathUtility.java:180)
	at com.sirma.itt.javacourse.utility.MathUtility.quickSort(MathUtility.java:180)
	at com.sirma.itt.javacourse.utility.MathUtility.quickSort(MathUtility.java:180)
	at com.sirma.itt.javacourse.utility.MathUtility.quickSort(MathUtility.java:180)
	at com.sirma.itt.javacourse.utility.MathUtility.quickSort(MathUtility.java:180)
	at com.sirma.itt.javacourse.utility.MathUtility.quickSort(MathUtility.java:180)
	at com.sirma.itt.javacourse.utility.MathUtility.quickSort(MathUtility.java:180)
	at com.sirma.itt.javacourse.utility.MathUtility.quickSort(MathUtility.java:180)
	at com.sirma.itt.javacourse.utility.MathUtility.quickSort(MathUtility.java:180)
	at com.sirma.itt.javacourse.utility.MathUtility.quickSort(MathUtility.java:180)
	at com.sirma.itt.javacourse.utility.MathUtility.quickSort(MathUtility.java:180)
	at com.sirma.itt.javacourse.utility.MathUtility.quickSort(MathUtility.java:180)
	at com.sirma.itt.javacourse.utility.MathUtility.quickSort(MathUtility.java:180)
	at com.sirma.itt.javacourse.utility.MathUtility.quickSort(MathUtility.java:180)
	at com.sirma.itt.javacourse.utility.MathUtility.quickSort(MathUtility.java:180)
	at com.sirma.itt.javacourse.utility.MathUtility.quickSort(MathUtility.java:180)
	at com.sirma.itt.javacourse.utility.MathUtility.quickSort(MathUtility.java:180)
	at com.sirma.itt.javacourse.utility.MathUtility.quickSort(MathUtility.java:180)
	at com.sirma.itt.javacourse.utility.MathUtility.quickSort(MathUtility.java:180)
	at com.sirma.itt.javacourse.utility.MathUtility.quickSort(MathUtility.java:180)
	at com.sirma.itt.javacourse.utility.MathUtility.quickSort(MathUtility.java:180)
	at com.sirma.itt.javacourse.utility.MathUtility.quickSort(MathUtility.java:180)
	at com.sirma.itt.javacourse.utility.MathUtility.quickSort(MathUtility.java:180)
	at com.sirma.itt.javacourse.utility.MathUtility.quickSort(MathUtility.java:180)
	at com.sirma.itt.javacourse.utility.MathUtility.quickSort(MathUtility.java:180)
	at com.sirma.itt.javacourse.utility.MathUtility.quickSort(MathUtility.java:180)
	at com.sirma.itt.javacourse.utility.MathUtility.quickSort(MathUtility.java:180)
	at com.sirma.itt.javacourse.utility.MathUtility.quickSort(MathUtility.java:180)
	at com.sirma.itt.javacourse.utility.MathUtility.quickSort(MathUtility.java:180)
	at com.sirma.itt.javacourse.utility.MathUtility.quickSort(MathUtility.java:180)
	at com.sirma.itt.javacourse.utility.MathUtility.quickSort(MathUtility.java:180)
	at com.sirma.itt.javacourse.utility.MathUtility.quickSort(MathUtility.java:180)
	at com.sirma.itt.javacourse.utility.MathUtility.quickSort(MathUtility.java:180)
	at com.sirma.itt.javacourse.utility.MathUtility.quickSort(MathUtility.java:180)
	at com.sirma.itt.javacourse.utility.MathUtility.quickSort(MathUtility.java:180)
	at com.sirma.itt.javacourse.utility.MathUtility.quickSort(MathUtility.java:180)
	at com.sirma.itt.javacourse.utility.MathUtility.quickSort(MathUtility.java:180)
	at com.sirma.itt.javacourse.utility.MathUtility.quickSort(MathUtility.java:180)
	at com.sirma.itt.javacourse.utility.MathUtility.quickSort(MathUtility.java:180)
	at com.sirma.itt.javacourse.utility.MathUtility.quickSort(MathUtility.java:180)
	at com.sirma.itt.javacourse.utility.MathUtility.quickSort(MathUtility.java:180)
	at com.sirma.itt.javacourse.utility.MathUtility.quickSort(MathUtility.java:180)
	at com.sirma.itt.javacourse.utility.MathUtility.quickSort(MathUtility.java:180)
	at com.sirma.itt.javacourse.utility.MathUtility.quickSort(MathUtility.java:180)
	at com.sirma.itt.javacourse.utility.MathUtility.quickSort(MathUtility.java:180)
	at com.sirma.itt.javacourse.utility.MathUtility.quickSort(MathUtility.java:180)
	at com.sirma.itt.javacourse.utility.MathUtility.quickSort(MathUtility.java:180)
	at com.sirma.itt.javacourse.utility.MathUtility.quickSort(MathUtility.java:180)
	at com.sirma.itt.javacourse.utility.MathUtility.quickSort(MathUtility.java:180)
	at com.sirma.itt.javacourse.utility.MathUtility.quickSort(MathUtility.java:180)
	at com.sirma.itt.javacourse.utility.MathUtility.quickSort(MathUtility.java:180)
	at com.sirma.itt.javacourse.utility.MathUtility.quickSort(MathUtility.java:180)
	at com.sirma.itt.javacourse.utility.MathUtility.quickSort(MathUtility.java:180)
	at com.sirma.itt.javacourse.utility.MathUtility.quickSort(MathUtility.java:180)
	at com.sirma.itt.javacourse.utility.MathUtility.quickSort(MathUtility.java:180)
	at com.sirma.itt.javacourse.utility.MathUtility.quickSort(MathUtility.java:180)
	at com.sirma.itt.javacourse.utility.MathUtility.quickSort(MathUtility.java:180)
	at com.sirma.itt.javacourse.utility.MathUtility.quickSort(MathUtility.java:180)
	at com.sirma.itt.javacourse.utility.MathUtility.quickSort(MathUtility.java:180)
	at com.sirma.itt.javacourse.utility.MathUtility.quickSort(MathUtility.java:180)
	at com.sirma.itt.javacourse.utility.MathUtility.quickSort(MathUtility.java:180)
	at com.sirma.itt.javacourse.utility.MathUtility.quickSort(MathUtility.java:180)
	at com.sirma.itt.javacourse.utility.MathUtility.quickSort(MathUtility.java:180)
	at com.sirma.itt.javacourse.utility.MathUtility.quickSort(MathUtility.java:180)
	at com.sirma.itt.javacourse.utility.MathUtility.quickSort(MathUtility.java:180)
	at com.sirma.itt.javacourse.utility.MathUtility.quickSort(MathUtility.java:180)
	at com.sirma.itt.javacourse.utility.MathUtility.quickSort(MathUtility.java:180)
	at com.sirma.itt.javacourse.utility.MathUtility.quickSort(MathUtility.java:180)
	at com.sirma.itt.javacourse.utility.MathUtility.quickSort(MathUtility.java:180)
	at com.sirma.itt.javacourse.utility.MathUtility.quickSort(MathUtility.java:180)
	at com.sirma.itt.javacourse.utility.MathUtility.quickSort(MathUtility.java:180)
	at com.sirma.itt.javacourse.utility.MathUtility.quickSort(MathUtility.java:180)
	at com.sirma.itt.javacourse.utility.MathUtility.quickSort(MathUtility.java:180)
	at com.sirma.itt.javacourse.utility.MathUtility.quickSort(MathUtility.java:180)
	at com.sirma.itt.javacourse.utility.MathUtility.quickSort(MathUtility.java:180)
	at com.sirma.itt.javacourse.utility.MathUtility.quickSort(MathUtility.java:180)
	at com.sirma.itt.javacourse.utility.MathUtility.quickSort(MathUtility.java:180)
	at com.sirma.itt.javacourse.utility.MathUtility.quickSort(MathUtility.java:180)
	at com.sirma.itt.javacourse.utility.MathUtility.quickSort(MathUtility.java:180)
	at com.sirma.itt.javacourse.utility.MathUtility.quickSort(MathUtility.java:180)
	at com.sirma.itt.javacourse.utility.MathUtility.quickSort(MathUtility.java:180)
	at com.sirma.itt.javacourse.utility.MathUtility.quickSort(MathUtility.java:180)
	at com.sirma.itt.javacourse.utility.MathUtility.quickSort(MathUtility.java:180)
	at com.sirma.itt.javacourse.utility.MathUtility.quickSort(MathUtility.java:180)
	at com.sirma.itt.javacourse.utility.MathUtility.quickSort(MathUtility.java:180)
	at com.sirma.itt.javacourse.utility.MathUtility.quickSort(MathUtility.java:180)
	at com.sirma.itt.javacourse.utility.MathUtility.quickSort(MathUtility.java:180)
	at com.sirma.itt.javacourse.utility.MathUtility.quickSort(MathUtility.java:180)
	at com.sirma.itt.javacourse.utility.MathUtility.quickSort(MathUtility.java:180)
	at com.sirma.itt.javacourse.utility.MathUtility.quickSort(MathUtility.java:180)
	at com.sirma.itt.javacourse.utility.MathUtility.quickSort(MathUtility.java:180)
	at com.sirma.itt.javacourse.utility.MathUtility.quickSort(MathUtility.java:180)
	at com.sirma.itt.javacourse.utility.MathUtility.quickSort(MathUtility.java:180)
	at com.sirma.itt.javacourse.utility.MathUtility.quickSort(MathUtility.java:180)
	at com.sirma.itt.javacourse.utility.MathUtility.quickSort(MathUtility.java:180)
	at com.sirma.itt.javacourse.utility.MathUtility.quickSort(MathUtility.java:180)
	at com.sirma.itt.javacourse.utility.MathUtility.quickSort(MathUtility.java:180)
	at com.sirma.itt.javacourse.utility.MathUtility.quickSort(MathUtility.java:180)
	at com.sirma.itt.javacourse.utility.MathUtility.quickSort(MathUtility.java:180)
	at com.sirma.itt.javacourse.utility.MathUtility.quickSort(MathUtility.java:180)
	at com.sirma.itt.javacourse.utility.MathUtility.quickSort(MathUtility.java:180)
	at com.sirma.itt.javacourse.utility.MathUtility.quickSort(MathUtility.java:180)
	at com.sirma.itt.javacourse.utility.MathUtility.quickSort(MathUtility.java:180)
	at com.sirma.itt.javacourse.utility.MathUtility.quickSort(MathUtility.java:180)
	at com.sirma.itt.javacourse.utility.MathUtility.quickSort(MathUtility.java:180)
	at com.sirma.itt.javacourse.utility.MathUtility.quickSort(MathUtility.java:180)
	at com.sirma.itt.javacourse.utility.MathUtility.quickSort(MathUtility.java:180)
	at com.sirma.itt.javacourse.utility.MathUtility.quickSort(MathUtility.java:180)
	at com.sirma.itt.javacourse.utility.MathUtility.quickSort(MathUtility.java:180)
	at com.sirma.itt.javacourse.utility.MathUtility.quickSort(MathUtility.java:180)
	at com.sirma.itt.javacourse.utility.MathUtility.quickSort(MathUtility.java:180)
	at com.sirma.itt.javacourse.utility.MathUtility.quickSort(MathUtility.java:180)
	at com.sirma.itt.javacourse.utility.MathUtility.quickSort(MathUtility.java:180)
	at com.sirma.itt.javacourse.utility.MathUtility.quickSort(MathUtility.java:180)
	at com.sirma.itt.javacourse.utility.MathUtility.quickSort(MathUtility.java:180)
	at com.sirma.itt.javacourse.utility.MathUtility.quickSort(MathUtility.java:180)
	at com.sirma.itt.javacourse.utility.MathUtility.quickSort(MathUtility.java:180)
	at com.sirma.itt.javacourse.utility.MathUtility.quickSort(MathUtility.java:180)
	at com.sirma.itt.javacourse.utility.MathUtility.quickSort(MathUtility.java:180)
	at com.sirma.itt.javacourse.utility.MathUtility.quickSort(MathUtility.java:180)
	at com.sirma.itt.javacourse.utility.MathUtility.quickSort(MathUtility.java:180)
	at com.sirma.itt.javacourse.utility.MathUtility.quickSort(MathUtility.java:180)
	at com.sirma.itt.javacourse.utility.MathUtility.quickSort(MathUtility.java:180)
	at com.sirma.itt.javacourse.utility.MathUtility.quickSort(MathUtility.java:180)
	at com.sirma.itt.javacourse.utility.MathUtility.quickSort(MathUtility.java:180)
	at com.sirma.itt.javacourse.utility.MathUtility.quickSort(MathUtility.java:180)
	at com.sirma.itt.javacourse.utility.MathUtility.quickSort(MathUtility.java:180)
	at com.sirma.itt.javacourse.utility.MathUtility.quickSort(MathUtility.java:180)
	at com.sirma.itt.javacourse.utility.MathUtility.quickSort(MathUtility.java:180)
	at com.sirma.itt.javacourse.utility.MathUtility.quickSort(MathUtility.java:180)
	at com.sirma.itt.javacourse.utility.MathUtility.quickSort(MathUtility.java:180)
	at com.sirma.itt.javacourse.utility.MathUtility.quickSort(MathUtility.java:180)
	at com.sirma.itt.javacourse.utility.MathUtility.quickSort(MathUtility.java:180)
	at com.sirma.itt.javacourse.utility.MathUtility.quickSort(MathUtility.java:180)
	at com.sirma.itt.javacourse.utility.MathUtility.quickSort(MathUtility.java:180)
	at com.sirma.itt.javacourse.utility.MathUtility.quickSort(MathUtility.java:180)
	at com.sirma.itt.javacourse.utility.MathUtility.quickSort(MathUtility.java:180)
	at com.sirma.itt.javacourse.utility.MathUtility.quickSort(MathUtility.java:180)
	at com.sirma.itt.javacourse.utility.MathUtility.quickSort(MathUtility.java:180)
	at com.sirma.itt.javacourse.utility.MathUtility.quickSort(MathUtility.java:180)
	at com.sirma.itt.javacourse.utility.MathUtility.quickSort(MathUtility.java:180)
	at com.sirma.itt.javacourse.utility.MathUtility.quickSort(MathUtility.java:180)
	at com.sirma.itt.javacourse.utility.MathUtility.quickSort(MathUtility.java:180)
	at com.sirma.itt.javacourse.utility.MathUtility.quickSort(MathUtility.java:180)
	at com.sirma.itt.javacourse.utility.MathUtility.quickSort(MathUtility.java:180)
	at com.sirma.itt.javacourse.utility.MathUtility.quickSort(MathUtility.java:180)
	at com.sirma.itt.javacourse.utility.MathUtility.quickSort(MathUtility.java:180)
	at com.sirma.itt.javacourse.utility.MathUtility.quickSort(MathUtility.java:180)
	at com.sirma.itt.javacourse.utility.MathUtility.quickSort(MathUtility.java:180)
	at com.sirma.itt.javacourse.utility.MathUtility.quickSort(MathUtility.java:180)
	at com.sirma.itt.javacourse.utility.MathUtility.quickSort(MathUtility.java:180)
	at com.sirma.itt.javacourse.utility.MathUtility.quickSort(MathUtility.java:180)
	at com.sirma.itt.javacourse.utility.MathUtility.quickSort(MathUtility.java:180)
	at com.sirma.itt.javacourse.utility.MathUtility.quickSort(MathUtility.java:180)
	at com.sirma.itt.javacourse.utility.MathUtility.quickSort(MathUtility.java:180)
	at com.sirma.itt.javacourse.utility.MathUtility.quickSort(MathUtility.java:180)
	at com.sirma.itt.javacourse.utility.MathUtility.quickSort(MathUtility.java:180)
	at com.sirma.itt.javacourse.utility.MathUtility.quickSort(MathUtility.java:180)
	at com.sirma.itt.javacourse.utility.MathUtility.quickSort(MathUtility.java:180)
	at com.sirma.itt.javacourse.utility.MathUtility.quickSort(MathUtility.java:180)
	at com.sirma.itt.javacourse.utility.MathUtility.quickSort(MathUtility.java:180)
	at com.sirma.itt.javacourse.utility.MathUtility.quickSort(MathUtility.java:180)
	at com.sirma.itt.javacourse.utility.MathUtility.quickSort(MathUtility.java:180)
	at com.sirma.itt.javacourse.utility.MathUtility.quickSort(MathUtility.java:180)
	at com.sirma.itt.javacourse.utility.MathUtility.quickSort(MathUtility.java:180)
	at com.sirma.itt.javacourse.utility.MathUtility.quickSort(MathUtility.java:180)
	at com.sirma.itt.javacourse.utility.MathUtility.quickSort(MathUtility.java:180)
	at com.sirma.itt.javacourse.utility.MathUtility.quickSort(MathUtility.java:180)
	at com.sirma.itt.javacourse.utility.MathUtility.quickSort(MathUtility.java:180)
	at com.sirma.itt.javacourse.utility.MathUtility.quickSort(MathUtility.java:180)
	at com.sirma.itt.javacourse.utility.MathUtility.quickSort(MathUtility.java:180)
	at com.sirma.itt.javacourse.utility.MathUtility.quickSort(MathUtility.java:180)
	at com.sirma.itt.javacourse.utility.MathUtility.quickSort(MathUtility.java:180)
	at com.sirma.itt.javacourse.utility.MathUtility.quickSort(MathUtility.java:180)
	at com.sirma.itt.javacourse.utility.MathUtility.quickSort(MathUtility.java:180)
	at com.sirma.itt.javacourse.utility.MathUtility.quickSort(MathUtility.java:180)
	at com.sirma.itt.javacourse.utility.MathUtility.quickSort(MathUtility.java:180)
	at com.sirma.itt.javacourse.utility.MathUtility.quickSort(MathUtility.java:180)
	at com.sirma.itt.javacourse.utility.MathUtility.quickSort(MathUtility.java:180)
	at com.sirma.itt.javacourse.utility.MathUtility.quickSort(MathUtility.java:180)
	at com.sirma.itt.javacourse.utility.MathUtility.quickSort(MathUtility.java:180)
	at com.sirma.itt.javacourse.utility.MathUtility.quickSort(MathUtility.java:180)
	at com.sirma.itt.javacourse.utility.MathUtility.quickSort(MathUtility.java:180)
	at com.sirma.itt.javacourse.utility.MathUtility.quickSort(MathUtility.java:180)
	at com.sirma.itt.javacourse.utility.MathUtility.quickSort(MathUtility.java:180)
	at com.sirma.itt.javacourse.utility.MathUtility.quickSort(MathUtility.java:180)
	at com.sirma.itt.javacourse.utility.MathUtility.quickSort(MathUtility.java:180)
	at com.sirma.itt.javacourse.utility.MathUtility.quickSort(MathUtility.java:180)
	at com.sirma.itt.javacourse.utility.MathUtility.quickSort(MathUtility.java:180)
	at com.sirma.itt.javacourse.utility.MathUtility.quickSort(MathUtility.java:180)
	at com.sirma.itt.javacourse.utility.MathUtility.quickSort(MathUtility.java:180)
	at com.sirma.itt.javacourse.utility.MathUtility.quickSort(MathUtility.java:180)
	at com.sirma.itt.javacourse.utility.MathUtility.quickSort(MathUtility.java:180)
	at com.sirma.itt.javacourse.utility.MathUtility.quickSort(MathUtility.java:180)
	at com.sirma.itt.javacourse.utility.MathUtility.quickSort(MathUtility.java:180)
	at com.sirma.itt.javacourse.utility.MathUtility.quickSort(MathUtility.java:180)
	at com.sirma.itt.javacourse.utility.MathUtility.quickSort(MathUtility.java:180)
	at com.sirma.itt.javacourse.utility.MathUtility.quickSort(MathUtility.java:180)
	at com.sirma.itt.javacourse.utility.MathUtility.quickSort(MathUtility.java:180)
	at com.sirma.itt.javacourse.utility.MathUtility.quickSort(MathUtility.java:180)
	at com.sirma.itt.javacourse.utility.MathUtility.quickSort(MathUtility.java:180)
	at com.sirma.itt.javacourse.utility.MathUtility.quickSort(MathUtility.java:180)
	at com.sirma.itt.javacourse.utility.MathUtility.quickSort(MathUtility.java:180)
	at com.sirma.itt.javacourse.utility.MathUtility.quickSort(MathUtility.java:180)
	at com.sirma.itt.javacourse.utility.MathUtility.quickSort(MathUtility.java:180)
	at com.sirma.itt.javacourse.utility.MathUtility.quickSort(MathUtility.java:180)
	at com.sirma.itt.javacourse.utility.MathUtility.quickSort(MathUtility.java:180)
	at com.sirma.itt.javacourse.utility.MathUtility.quickSort(MathUtility.java:180)
	at com.sirma.itt.javacourse.utility.MathUtility.quickSort(MathUtility.java:180)
	at com.sirma.itt.javacourse.utility.MathUtility.quickSort(MathUtility.java:180)
	at com.sirma.itt.javacourse.utility.MathUtility.quickSort(MathUtility.java:180)
	at com.sirma.itt.javacourse.utility.MathUtility.quickSort(MathUtility.java:180)
	at com.sirma.itt.javacourse.utility.MathUtility.quickSort(MathUtility.java:180)
	at com.sirma.itt.javacourse.utility.MathUtility.quickSort(MathUtility.java:180)
	at com.sirma.itt.javacourse.utility.MathUtility.quickSort(MathUtility.java:180)
	at com.sirma.itt.javacourse.utility.MathUtility.quickSort(MathUtility.java:180)
	at com.sirma.itt.javacourse.utility.MathUtility.quickSort(MathUtility.java:180)
	at com.sirma.itt.javacourse.utility.MathUtility.quickSort(MathUtility.java:180)
	at com.sirma.itt.javacourse.utility.MathUtility.quickSort(MathUtility.java:180)
	at com.sirma.itt.javacourse.utility.MathUtility.quickSort(MathUtility.java:180)
	at com.sirma.itt.javacourse.utility.MathUtility.quickSort(MathUtility.java:180)
	at com.sirma.itt.javacourse.utility.MathUtility.quickSort(MathUtility.java:180)
	at com.sirma.itt.javacourse.utility.MathUtility.quickSort(MathUtility.java:180)
	at com.sirma.itt.javacourse.utility.MathUtility.quickSort(MathUtility.java:180)
	at com.sirma.itt.javacourse.utility.MathUtility.quickSort(MathUtility.java:180)
	at com.sirma.itt.javacourse.utility.MathUtility.quickSort(MathUtility.java:180)
	at com.sirma.itt.javacourse.utility.MathUtility.quickSort(MathUtility.java:180)
	at com.sirma.itt.javacourse.utility.MathUtility.quickSort(MathUtility.java:180)
	at com.sirma.itt.javacourse.utility.MathUtility.quickSort(MathUtility.java:180)
	at com.sirma.itt.javacourse.utility.MathUtility.quickSort(MathUtility.java:180)
	at com.sirma.itt.javacourse.utility.MathUtility.quickSort(MathUtility.java:180)
	at com.sirma.itt.javacourse.utility.MathUtility.quickSort(MathUtility.java:180)
	at com.sirma.itt.javacourse.utility.MathUtility.quickSort(MathUtility.java:180)
	at com.sirma.itt.javacourse.utility.MathUtility.quickSort(MathUtility.java:180)
	at com.sirma.itt.javacourse.utility.MathUtility.quickSort(MathUtility.java:180)
	at com.sirma.itt.javacourse.utility.MathUtility.quickSort(MathUtility.java:180)
	at com.sirma.itt.javacourse.utility.MathUtility.quickSort(MathUtility.java:180)
	at com.sirma.itt.javacourse.utility.MathUtility.quickSort(MathUtility.java:180)
	at com.sirma.itt.javacourse.utility.MathUtility.quickSort(MathUtility.java:180)
	at com.sirma.itt.javacourse.utility.MathUtility.quickSort(MathUtility.java:180)
	at com.sirma.itt.javacourse.utility.MathUtility.quickSort(MathUtility.java:180)
	at com.sirma.itt.javacourse.utility.MathUtility.quickSort(MathUtility.java:180)
	at com.sirma.itt.javacourse.utility.MathUtility.quickSort(MathUtility.java:180)
	at com.sirma.itt.javacourse.utility.MathUtility.quickSort(MathUtility.java:180)
	at com.sirma.itt.javacourse.utility.MathUtility.quickSort(MathUtility.java:180)
	at com.sirma.itt.javacourse.utility.MathUtility.quickSort(MathUtility.java:180)
	at com.sirma.itt.javacourse.utility.MathUtility.quickSort(MathUtility.java:180)
	at com.sirma.itt.javacourse.utility.MathUtility.quickSort(MathUtility.java:180)
	at com.sirma.itt.javacourse.utility.MathUtility.quickSort(MathUtility.java:180)
	at com.sirma.itt.javacourse.utility.MathUtility.quickSort(MathUtility.java:180)
	at com.sirma.itt.javacourse.utility.MathUtility.quickSort(MathUtility.java:180)
	at com.sirma.itt.javacourse.utility.MathUtility.quickSort(MathUtility.java:180)
	at com.sirma.itt.javacourse.utility.MathUtility.quickSort(MathUtility.java:180)
	at com.sirma.itt.javacourse.utility.MathUtility.quickSort(MathUtility.java:180)
	at com.sirma.itt.javacourse.utility.MathUtility.quickSort(MathUtility.java:180)
	at com.sirma.itt.javacourse.utility.MathUtility.quickSort(MathUtility.java:180)
	at com.sirma.itt.javacourse.utility.MathUtility.quickSort(MathUtility.java:180)
	at com.sirma.itt.javacourse.utility.MathUtility.quickSort(MathUtility.java:180)
	at com.sirma.itt.javacourse.utility.MathUtility.quickSort(MathUtility.java:180)
	at com.sirma.itt.javacourse.utility.MathUtility.quickSort(MathUtility.java:180)
	at com.sirma.itt.javacourse.utility.MathUtility.quickSort(MathUtility.java:180)
	at com.sirma.itt.javacourse.utility.MathUtility.quickSort(MathUtility.java:180)
	at com.sirma.itt.javacourse.utility.MathUtility.quickSort(MathUtility.java:180)
	at com.sirma.itt.javacourse.utility.MathUtility.quickSort(MathUtility.java:180)
	at com.sirma.itt.javacourse.utility.MathUtility.quickSort(MathUtility.java:180)
	at com.sirma.itt.javacourse.utility.MathUtility.quickSort(MathUtility.java:180)
	at com.sirma.itt.javacourse.utility.MathUtility.quickSort(MathUtility.java:180)
	at com.sirma.itt.javacourse.utility.MathUtility.quickSort(MathUtility.java:180)
	at com.sirma.itt.javacourse.utility.MathUtility.quickSort(MathUtility.java:180)
	at com.sirma.itt.javacourse.utility.MathUtility.quickSort(MathUtility.java:180)
	at com.sirma.itt.javacourse.utility.MathUtility.quickSort(MathUtility.java:180)
	at com.sirma.itt.javacourse.utility.MathUtility.quickSort(MathUtility.java:180)
	at com.sirma.itt.javacourse.utility.MathUtility.quickSort(MathUtility.java:180)
	at com.sirma.itt.javacourse.utility.MathUtility.quickSort(MathUtility.java:180)
	at com.sirma.itt.javacourse.utility.MathUtility.quickSort(MathUtility.java:180)
	at com.sirma.itt.javacourse.utility.MathUtility.quickSort(MathUtility.java:180)
	at com.sirma.itt.javacourse.utility.MathUtility.quickSort(MathUtility.java:180)
	at com.sirma.itt.javacourse.utility.MathUtility.quickSort(MathUtility.java:180)
	at com.sirma.itt.javacourse.utility.MathUtility.quickSort(MathUtility.java:180)
	at com.sirma.itt.javacourse.utility.MathUtility.quickSort(MathUtility.java:180)
	at com.sirma.itt.javacourse.utility.MathUtility.quickSort(MathUtility.java:180)
	at com.sirma.itt.javacourse.utility.MathUtility.quickSort(MathUtility.java:180)
	at com.sirma.itt.javacourse.utility.MathUtility.quickSort(MathUtility.java:180)
	at com.sirma.itt.javacourse.utility.MathUtility.quickSort(MathUtility.java:180)
	at com.sirma.itt.javacourse.utility.MathUtility.quickSort(MathUtility.java:180)
	at com.sirma.itt.javacourse.utility.MathUtility.quickSort(MathUtility.java:180)
	at com.sirma.itt.javacourse.utility.MathUtility.quickSort(MathUtility.java:180)
	at com.sirma.itt.javacourse.utility.MathUtility.quickSort(MathUtility.java:180)
	at com.sirma.itt.javacourse.utility.MathUtility.quickSort(MathUtility.java:180)
	at com.sirma.itt.javacourse.utility.MathUtility.quickSort(MathUtility.java:180)
	at com.sirma.itt.javacourse.utility.MathUtility.quickSort(MathUtility.java:180)
	at com.sirma.itt.javacourse.utility.MathUtility.quickSort(MathUtility.java:180)
	at com.sirma.itt.javacourse.utility.MathUtility.quickSort(MathUtility.java:180)
	at com.sirma.itt.javacourse.utility.MathUtility.quickSort(MathUtility.java:180)
	at com.sirma.itt.javacourse.utility.MathUtility.quickSort(MathUtility.java:180)
	at com.sirma.itt.javacourse.utility.MathUtility.quickSort(MathUtility.java:180)
	at com.sirma.itt.javacourse.utility.MathUtility.quickSort(MathUtility.java:180)
	at com.sirma.itt.javacourse.utility.MathUtility.quickSort(MathUtility.java:180)
	at com.sirma.itt.javacourse.utility.MathUtility.quickSort(MathUtility.java:180)
	at com.sirma.itt.javacourse.utility.MathUtility.quickSort(MathUtility.java:180)
	at com.sirma.itt.javacourse.utility.MathUtility.quickSort(MathUtility.java:180)
	at com.sirma.itt.javacourse.utility.MathUtility.quickSort(MathUtility.java:180)
	at com.sirma.itt.javacourse.utility.MathUtility.quickSort(MathUtility.java:180)
	at com.sirma.itt.javacourse.utility.MathUtility.quickSort(MathUtility.java:180)
	at com.sirma.itt.javacourse.utility.MathUtility.quickSort(MathUtility.java:180)
	at com.sirma.itt.javacourse.utility.MathUtility.quickSort(MathUtility.java:180)
	at com.sirma.itt.javacourse.utility.MathUtility.quickSort(MathUtility.java:180)
	at com.sirma.itt.javacourse.utility.MathUtility.quickSort(MathUtility.java:180)
	at com.sirma.itt.javacourse.utility.MathUtility.quickSort(MathUtility.java:180)
	at com.sirma.itt.javacourse.utility.MathUtility.quickSort(MathUtility.java:180)
	at com.sirma.itt.javacourse.utility.MathUtility.quickSort(MathUtility.java:180)
	at com.sirma.itt.javacourse.utility.MathUtility.quickSort(MathUtility.java:180)
	at com.sirma.itt.javacourse.utility.MathUtility.quickSort(MathUtility.java:180)
	at com.sirma.itt.javacourse.utility.MathUtility.quickSort(MathUtility.java:180)
	at com.sirma.itt.javacourse.utility.MathUtility.quickSort(MathUtility.java:180)
	at com.sirma.itt.javacourse.utility.MathUtility.quickSort(MathUtility.java:180)
	at com.sirma.itt.javacourse.utility.MathUtility.quickSort(MathUtility.java:180)
	at com.sirma.itt.javacourse.utility.MathUtility.quickSort(MathUtility.java:180)
	at com.sirma.itt.javacourse.utility.MathUtility.quickSort(MathUtility.java:180)
	at com.sirma.itt.javacourse.utility.MathUtility.quickSort(MathUtility.java:180)
	at com.sirma.itt.javacourse.utility.MathUtility.quickSort(MathUtility.java:180)
	at com.sirma.itt.javacourse.utility.MathUtility.quickSort(MathUtility.java:180)
	at com.sirma.itt.javacourse.utility.MathUtility.quickSort(MathUtility.java:180)
	at com.sirma.itt.javacourse.utility.MathUtility.quickSort(MathUtility.java:180)
	at com.sirma.itt.javacourse.utility.MathUtility.quickSort(MathUtility.java:180)
	at com.sirma.itt.javacourse.utility.MathUtility.quickSort(MathUtility.java:180)
	at com.sirma.itt.javacourse.utility.MathUtility.quickSort(MathUtility.java:180)
	at com.sirma.itt.javacourse.utility.MathUtility.quickSort(MathUtility.java:180)
	at com.sirma.itt.javacourse.utility.MathUtility.quickSort(MathUtility.java:180)
	at com.sirma.itt.javacourse.utility.MathUtility.quickSort(MathUtility.java:180)
	at com.sirma.itt.javacourse.utility.MathUtility.quickSort(MathUtility.java:180)
	at com.sirma.itt.javacourse.utility.MathUtility.quickSort(MathUtility.java:180)
	at com.sirma.itt.javacourse.utility.MathUtility.quickSort(MathUtility.java:180)
	at com.sirma.itt.javacourse.utility.MathUtility.quickSort(MathUtility.java:180)
	at com.sirma.itt.javacourse.utility.MathUtility.quickSort(MathUtility.java:180)
	at com.sirma.itt.javacourse.utility.MathUtility.quickSort(MathUtility.java:180)
	at com.sirma.itt.javacourse.utility.MathUtility.quickSort(MathUtility.java:180)
	at com.sirma.itt.javacourse.utility.MathUtility.quickSort(MathUtility.java:180)
	at com.sirma.itt.javacourse.utility.MathUtility.quickSort(MathUtility.java:180)
	at com.sirma.itt.javacourse.utility.MathUtility.quickSort(MathUtility.java:180)
	at com.sirma.itt.javacourse.utility.MathUtility.quickSort(MathUtility.java:180)
	at com.sirma.itt.javacourse.utility.MathUtility.quickSort(MathUtility.java:180)
	at com.sirma.itt.javacourse.utility.MathUtility.quickSort(MathUtility.java:180)
	at com.sirma.itt.javacourse.utility.MathUtility.quickSort(MathUtility.java:180)
	at com.sirma.itt.javacourse.utility.MathUtility.quickSort(MathUtility.java:180)
	at com.sirma.itt.javacourse.utility.MathUtility.quickSort(MathUtility.java:180)
	at com.sirma.itt.javacourse.utility.MathUtility.quickSort(MathUtility.java:180)
	at com.sirma.itt.javacourse.utility.MathUtility.quickSort(MathUtility.java:180)
	at com.sirma.itt.javacourse.utility.MathUtility.quickSort(MathUtility.java:180)
	at com.sirma.itt.javacourse.utility.MathUtility.quickSort(MathUtility.java:180)
	at com.sirma.itt.javacourse.utility.MathUtility.quickSort(MathUtility.java:180)
	at com.sirma.itt.javacourse.utility.MathUtility.quickSort(MathUtility.java:180)
	at com.sirma.itt.javacourse.utility.MathUtility.quickSort(MathUtility.java:180)
	at com.sirma.itt.javacourse.utility.MathUtility.quickSort(MathUtility.java:180)
	at com.sirma.itt.javacourse.utility.MathUtility.quickSort(MathUtility.java:180)
	at com.sirma.itt.javacourse.utility.MathUtility.quickSort(MathUtility.java:180)
	at com.sirma.itt.javacourse.utility.MathUtility.quickSort(MathUtility.java:180)
	at com.sirma.itt.javacourse.utility.MathUtility.quickSort(MathUtility.java:180)
	at com.sirma.itt.javacourse.utility.MathUtility.quickSort(MathUtility.java:180)
	at com.sirma.itt.javacourse.utility.MathUtility.quickSort(MathUtility.java:180)
	at com.sirma.itt.javacourse.utility.MathUtility.quickSort(MathUtility.java:180)
	at com.sirma.itt.javacourse.utility.MathUtility.quickSort(MathUtility.java:180)
	at com.sirma.itt.javacourse.utility.MathUtility.quickSort(MathUtility.java:180)
	at com.sirma.itt.javacourse.utility.MathUtility.quickSort(MathUtility.java:180)
	at com.sirma.itt.javacourse.utility.MathUtility.quickSort(MathUtility.java:180)
	at com.sirma.itt.javacourse.utility.MathUtility.quickSort(MathUtility.java:180)
	at com.sirma.itt.javacourse.utility.MathUtility.quickSort(MathUtility.java:180)
	at com.sirma.itt.javacourse.utility.MathUtility.quickSort(MathUtility.java:180)
	at com.sirma.itt.javacourse.utility.MathUtility.quickSort(MathUtility.java:180)
	at com.sirma.itt.javacourse.utility.MathUtility.quickSort(MathUtility.java:180)
	at com.sirma.itt.javacourse.utility.MathUtility.quickSort(MathUtility.java:180)
	at com.sirma.itt.javacourse.utility.MathUtility.quickSort(MathUtility.java:180)
	at com.sirma.itt.javacourse.utility.MathUtility.quickSort(MathUtility.java:180)
	at com.sirma.itt.javacourse.utility.MathUtility.quickSort(MathUtility.java:180)
	at com.sirma.itt.javacourse.utility.MathUtility.quickSort(MathUtility.java:180)
	at com.sirma.itt.javacourse.utility.MathUtility.quickSort(MathUtility.java:180)
	at com.sirma.itt.javacourse.utility.MathUtility.quickSort(MathUtility.java:180)
	at com.sirma.itt.javacourse.utility.MathUtility.quickSort(MathUtility.java:180)
	at com.sirma.itt.javacourse.utility.MathUtility.quickSort(MathUtility.java:180)
	at com.sirma.itt.javacourse.utility.MathUtility.quickSort(MathUtility.java:180)
	at com.sirma.itt.javacourse.utility.MathUtility.quickSort(MathUtility.java:180)
	at com.sirma.itt.javacourse.utility.MathUtility.quickSort(MathUtility.java:180)
	at com.sirma.itt.javacourse.utility.MathUtility.quickSort(MathUtility.java:180)
	at com.sirma.itt.javacourse.utility.MathUtility.quickSort(MathUtility.java:180)
	at com.sirma.itt.javacourse.utility.MathUtility.quickSort(MathUtility.java:180)
	at com.sirma.itt.javacourse.utility.MathUtility.quickSort(MathUtility.java:180)
	at com.sirma.itt.javacourse.utility.MathUtility.quickSort(MathUtility.java:180)
	at com.sirma.itt.javacourse.utility.MathUtility.quickSort(MathUtility.java:180)
	at com.sirma.itt.javacourse.utility.MathUtility.quickSort(MathUtility.java:180)
	at com.sirma.itt.javacourse.utility.MathUtility.quickSort(MathUtility.java:180)
	at com.sirma.itt.javacourse.utility.MathUtility.quickSort(MathUtility.java:180)
	at com.sirma.itt.javacourse.utility.MathUtility.quickSort(MathUtility.java:180)
	at com.sirma.itt.javacourse.utility.MathUtility.quickSort(MathUtility.java:180)
	at com.sirma.itt.javacourse.utility.MathUtility.quickSort(MathUtility.java:180)
	at com.sirma.itt.javacourse.utility.MathUtility.quickSort(MathUtility.java:180)
	at com.sirma.itt.javacourse.utility.MathUtility.quickSort(MathUtility.java:180)
	at com.sirma.itt.javacourse.utility.MathUtility.quickSort(MathUtility.java:180)
	at com.sirma.itt.javacourse.utility.MathUtility.quickSort(MathUtility.java:180)
	at com.sirma.itt.javacourse.utility.MathUtility.quickSort(MathUtility.java:180)
	at com.sirma.itt.javacourse.utility.MathUtility.quickSort(MathUtility.java:180)
	at com.sirma.itt.javacourse.utility.MathUtility.quickSort(MathUtility.java:180)
	at com.sirma.itt.javacourse.utility.MathUtility.quickSort(MathUtility.java:180)
	at com.sirma.itt.javacourse.utility.MathUtility.quickSort(MathUtility.java:180)
	at com.sirma.itt.javacourse.utility.MathUtility.quickSort(MathUtility.java:180)
	at com.sirma.itt.javacourse.utility.MathUtility.quickSort(MathUtility.java:180)
	at com.sirma.itt.javacourse.utility.MathUtility.quickSort(MathUtility.java:180)
	at com.sirma.itt.javacourse.utility.MathUtility.quickSort(MathUtility.java:180)
	at com.sirma.itt.javacourse.utility.MathUtility.quickSort(MathUtility.java:180)
	at com.sirma.itt.javacourse.utility.MathUtility.quickSort(MathUtility.java:180)
	at com.sirma.itt.javacourse.utility.MathUtility.quickSort(MathUtility.java:180)
	at com.sirma.itt.javacourse.utility.MathUtility.quickSort(MathUtility.java:180)
	at com.sirma.itt.javacourse.utility.MathUtility.quickSort(MathUtility.java:180)
	at com.sirma.itt.javacourse.utility.MathUtility.quickSort(MathUtility.java:180)
	at com.sirma.itt.javacourse.utility.MathUtility.quickSort(MathUtility.java:180)
	at com.sirma.itt.javacourse.utility.MathUtility.quickSort(MathUtility.java:180)
	at com.sirma.itt.javacourse.utility.MathUtility.quickSort(MathUtility.java:180)
	at com.sirma.itt.javacourse.utility.MathUtility.quickSort(MathUtility.java:180)
	at com.sirma.itt.javacourse.utility.MathUtility.quickSort(MathUtility.java:180)
	at com.sirma.itt.javacourse.utility.MathUtility.quickSort(MathUtility.java:180)
	at com.sirma.itt.javacourse.utility.MathUtility.quickSort(MathUtility.java:180)
	at com.sirma.itt.javacourse.utility.MathUtility.quickSort(MathUtility.java:180)
	at com.sirma.itt.javacourse.utility.MathUtility.quickSort(MathUtility.java:180)
	at com.sirma.itt.javacourse.utility.MathUtility.quickSort(MathUtility.java:180)
	at com.sirma.itt.javacourse.utility.MathUtility.quickSort(MathUtility.java:180)
	at com.sirma.itt.javacourse.utility.MathUtility.quickSort(MathUtility.java:180)
	at com.sirma.itt.javacourse.utility.MathUtility.quickSort(MathUtility.java:180)
	at com.sirma.itt.javacourse.utility.MathUtility.quickSort(MathUtility.java:180)
	at com.sirma.itt.javacourse.utility.MathUtility.quickSort(MathUtility.java:180)
	at com.sirma.itt.javacourse.utility.MathUtility.quickSort(MathUtility.java:180)
	at com.sirma.itt.javacourse.utility.MathUtility.quickSort(MathUtility.java:180)
	at com.sirma.itt.javacourse.utility.MathUtility.quickSort(MathUtility.java:180)
	at com.sirma.itt.javacourse.utility.MathUtility.quickSort(MathUtility.java:180)
	at com.sirma.itt.javacourse.utility.MathUtility.quickSort(MathUtility.java:180)
	at com.sirma.itt.javacourse.utility.MathUtility.quickSort(MathUtility.java:180)
	at com.sirma.itt.javacourse.utility.MathUtility.quickSort(MathUtility.java:180)
	at com.sirma.itt.javacourse.utility.MathUtility.quickSort(MathUtility.java:180)
	at com.sirma.itt.javacourse.utility.MathUtility.quickSort(MathUtility.java:180)
	at com.sirma.itt.javacourse.utility.MathUtility.quickSort(MathUtility.java:180)
	at com.sirma.itt.javacourse.utility.MathUtility.quickSort(MathUtility.java:180)
	at com.sirma.itt.javacourse.utility.MathUtility.quickSort(MathUtility.java:180)
	at com.sirma.itt.javacourse.utility.MathUtility.quickSort(MathUtility.java:180)
	at com.sirma.itt.javacourse.utility.MathUtility.quickSort(MathUtility.java:180)
	at com.sirma.itt.javacourse.utility.MathUtility.quickSort(MathUtility.java:180)
	at com.sirma.itt.javacourse.utility.MathUtility.quickSort(MathUtility.java:180)
	at com.sirma.itt.javacourse.utility.MathUtility.quickSort(MathUtility.java:180)
	at com.sirma.itt.javacourse.utility.MathUtility.quickSort(MathUtility.java:180)
	at com.sirma.itt.javacourse.utility.MathUtility.quickSort(MathUtility.java:180)
	at com.sirma.itt.javacourse.utility.MathUtility.quickSort(MathUtility.java:180)
	at com.sirma.itt.javacourse.utility.MathUtility.quickSort(MathUtility.java:180)
	at com.sirma.itt.javacourse.utility.MathUtility.quickSort(MathUtility.java:180)
	at com.sirma.itt.javacourse.utility.MathUtility.quickSort(MathUtility.java:180)
	at com.sirma.itt.javacourse.utility.MathUtility.quickSort(MathUtility.java:180)
	at com.sirma.itt.javacourse.utility.MathUtility.quickSort(MathUtility.java:180)
	at com.sirma.itt.javacourse.utility.MathUtility.quickSort(MathUtility.java:180)
	at com.sirma.itt.javacourse.utility.MathUtility.quickSort(MathUtility.java:180)
	at com.sirma.itt.javacourse.utility.MathUtility.quickSort(MathUtility.java:180)
	at com.sirma.itt.javacourse.utility.MathUtility.quickSort(MathUtility.java:180)
	at com.sirma.itt.javacourse.utility.MathUtility.quickSort(MathUtility.java:180)
	at com.sirma.itt.javacourse.utility.MathUtility.quickSort(MathUtility.java:180)
	at com.sirma.itt.javacourse.utility.MathUtility.quickSort(MathUtility.java:180)
	at com.sirma.itt.javacourse.utility.MathUtility.quickSort(MathUtility.java:180)
	at com.sirma.itt.javacourse.utility.MathUtility.quickSort(MathUtility.java:180)
	at com.sirma.itt.javacourse.utility.MathUtility.quickSort(MathUtility.java:180)
	at com.sirma.itt.javacourse.utility.MathUtility.quickSort(MathUtility.java:180)
	at com.sirma.itt.javacourse.utility.MathUtility.quickSort(MathUtility.java:180)
	at com.sirma.itt.javacourse.utility.MathUtility.quickSort(MathUtility.java:180)
	at com.sirma.itt.javacourse.utility.MathUtility.quickSort(MathUtility.java:180)
	at com.sirma.itt.javacourse.utility.MathUtility.quickSort(MathUtility.java:180)
	at com.sirma.itt.javacourse.utility.MathUtility.quickSort(MathUtility.java:180)
	at com.sirma.itt.javacourse.utility.MathUtility.quickSort(MathUtility.java:180)
	at com.sirma.itt.javacourse.utility.MathUtility.quickSort(MathUtility.java:180)
	at com.sirma.itt.javacourse.utility.MathUtility.quickSort(MathUtility.java:180)
	at com.sirma.itt.javacourse.utility.MathUtility.quickSort(MathUtility.java:180)
	at com.sirma.itt.javacourse.utility.MathUtility.quickSort(MathUtility.java:180)
	at com.sirma.itt.javacourse.utility.MathUtility.quickSort(MathUtility.java:180)
	at com.sirma.itt.javacourse.utility.MathUtility.quickSort(MathUtility.java:180)
	at com.sirma.itt.javacourse.utility.MathUtility.quickSort(MathUtility.java:180)
	at com.sirma.itt.javacourse.utility.MathUtility.quickSort(MathUtility.java:180)
	at com.sirma.itt.javacourse.utility.MathUtility.quickSort(MathUtility.java:180)
	at com.sirma.itt.javacourse.utility.MathUtility.quickSort(MathUtility.java:180)
	at com.sirma.itt.javacourse.utility.MathUtility.quickSort(MathUtility.java:180)
	at com.sirma.itt.javacourse.utility.MathUtility.quickSort(MathUtility.java:180)
	at com.sirma.itt.javacourse.utility.MathUtility.quickSort(MathUtility.java:180)
	at com.sirma.itt.javacourse.utility.MathUtility.quickSort(MathUtility.java:180)
	at com.sirma.itt.javacourse.utility.MathUtility.quickSort(MathUtility.java:180)
	at com.sirma.itt.javacourse.utility.MathUtility.quickSort(MathUtility.java:180)
	at com.sirma.itt.javacourse.utility.MathUtility.quickSort(MathUtility.java:180)
	at com.sirma.itt.javacourse.utility.MathUtility.quickSort(MathUtility.java:180)
	at com.sirma.itt.javacourse.utility.MathUtility.quickSort(MathUtility.java:180)
	at com.sirma.itt.javacourse.utility.MathUtility.quickSort(MathUtility.java:180)
	at com.sirma.itt.javacourse.utility.MathUtility.quickSort(MathUtility.java:180)
	at com.sirma.itt.javacourse.utility.MathUtility.quickSort(MathUtility.java:180)
	at com.sirma.itt.javacourse.utility.MathUtility.quickSort(MathUtility.java:180)
	at com.sirma.itt.javacourse.utility.MathUtility.quickSort(MathUtility.java:180)
	at com.sirma.itt.javacourse.utility.MathUtility.quickSort(MathUtility.java:180)
	at com.sirma.itt.javacourse.utility.MathUtility.quickSort(MathUtility.java:180)
	at com.sirma.itt.javacourse.utility.MathUtility.quickSort(MathUtility.java:180)
	at com.sirma.itt.javacourse.utility.MathUtility.quickSort(MathUtility.java:180)
	at com.sirma.itt.javacourse.utility.MathUtility.quickSort(MathUtility.java:180)
	at com.sirma.itt.javacourse.utility.MathUtility.quickSort(MathUtility.java:180)
	at com.sirma.itt.javacourse.utility.MathUtility.quickSort(MathUtility.java:180)
	at com.sirma.itt.javacourse.utility.MathUtility.quickSort(MathUtility.java:180)
	at com.sirma.itt.javacourse.utility.MathUtility.quickSort(MathUtility.java:180)
	at com.sirma.itt.javacourse.utility.MathUtility.quickSort(MathUtility.java:180)
	at com.sirma.itt.javacourse.utility.MathUtility.quickSort(MathUtility.java:180)
	at com.sirma.itt.javacourse.utility.MathUtility.quickSort(MathUtility.java:180)
	at com.sirma.itt.javacourse.utility.MathUtility.quickSort(MathUtility.java:180)
	at com.sirma.itt.javacourse.utility.MathUtility.quickSort(MathUtility.java:180)
	at com.sirma.itt.javacourse.utility.MathUtility.quickSort(MathUtility.java:180)
	at com.sirma.itt.javacourse.utility.MathUtility.quickSort(MathUtility.java:180)
	at com.sirma.itt.javacourse.utility.MathUtility.quickSort(MathUtility.java:180)
	at com.sirma.itt.javacourse.utility.MathUtility.quickSort(MathUtility.java:180)
	at com.sirma.itt.javacourse.utility.MathUtility.quickSort(MathUtility.java:180)
	at com.sirma.itt.javacourse.utility.MathUtility.quickSort(MathUtility.java:180)
	at com.sirma.itt.javacourse.utility.MathUtility.quickSort(MathUtility.java:180)
	at com.sirma.itt.javacourse.utility.MathUtility.quickSort(MathUtility.java:180)
	at com.sirma.itt.javacourse.utility.MathUtility.quickSort(MathUtility.java:180)
	at com.sirma.itt.javacourse.utility.MathUtility.quickSort(MathUtility.java:180)
	at com.sirma.itt.javacourse.utility.MathUtility.quickSort(MathUtility.java:180)
	at com.sirma.itt.javacourse.utility.MathUtility.quickSort(MathUtility.java:180)
	at com.sirma.itt.javacourse.utility.MathUtility.quickSort(MathUtility.java:180)
	at com.sirma.itt.javacourse.utility.MathUtility.quickSort(MathUtility.java:180)
	at com.sirma.itt.javacourse.utility.MathUtility.quickSort(MathUtility.java:180)
	at com.sirma.itt.javacourse.utility.MathUtility.quickSort(MathUtility.java:180)
	at com.sirma.itt.javacourse.utility.MathUtility.quickSort(MathUtility.java:180)
	at com.sirma.itt.javacourse.utility.MathUtility.quickSort(MathUtility.java:180)
	at com.sirma.itt.javacourse.utility.MathUtility.quickSort(MathUtility.java:180)
	at com.sirma.itt.javacourse.utility.MathUtility.quickSort(MathUtility.java:180)
	at com.sirma.itt.javacourse.utility.MathUtility.quickSort(MathUtility.java:180)
	at com.sirma.itt.javacourse.utility.MathUtility.quickSort(MathUtility.java:180)
	at com.sirma.itt.javacourse.utility.MathUtility.quickSort(MathUtility.java:180)
	at com.sirma.itt.javacourse.utility.MathUtility.quickSort(MathUtility.java:180)
	at com.sirma.itt.javacourse.utility.MathUtility.quickSort(MathUtility.java:180)
	at com.sirma.itt.javacourse.utility.MathUtility.quickSort(MathUtility.java:180)
	at com.sirma.itt.javacourse.utility.MathUtility.quickSort(MathUtility.java:180)
	at com.sirma.itt.javacourse.utility.MathUtility.quickSort(MathUtility.java:180)
	at com.sirma.itt.javacourse.utility.MathUtility.quickSort(MathUtility.java:180)
	at com.sirma.itt.javacourse.utility.MathUtility.quickSort(MathUtility.java:180)
	at com.sirma.itt.javacourse.utility.MathUtility.quickSort(MathUtility.java:180)
	at com.sirma.itt.javacourse.utility.MathUtility.quickSort(MathUtility.java:180)
	at com.sirma.itt.javacourse.utility.MathUtility.quickSort(MathUtility.java:180)
	at com.sirma.itt.javacourse.utility.MathUtility.quickSort(MathUtility.java:180)
	at com.sirma.itt.javacourse.utility.MathUtility.quickSort(MathUtility.java:180)
	at com.sirma.itt.javacourse.utility.MathUtility.quickSort(MathUtility.java:180)
	at com.sirma.itt.javacourse.utility.MathUtility.quickSort(MathUtility.java:180)
	at com.sirma.itt.javacourse.utility.MathUtility.quickSort(MathUtility.java:180)
	at com.sirma.itt.javacourse.utility.MathUtility.quickSort(MathUtility.java:180)
	at com.sirma.itt.javacourse.utility.MathUtility.quickSort(MathUtility.java:180)
	at com.sirma.itt.javacourse.utility.MathUtility.quickSort(MathUtility.java:180)
	at com.sirma.itt.javacourse.utility.MathUtility.quickSort(MathUtility.java:180)
	at com.sirma.itt.javacourse.utility.MathUtility.quickSort(MathUtility.java:180)
	at com.sirma.itt.javacourse.utility.MathUtility.quickSort(MathUtility.java:180)
	at com.sirma.itt.javacourse.utility.MathUtility.quickSort(MathUtility.java:180)
	at com.sirma.itt.javacourse.utility.MathUtility.quickSort(MathUtility.java:180)
	at com.sirma.itt.javacourse.utility.MathUtility.quickSort(MathUtility.java:180)
	at com.sirma.itt.javacourse.utility.MathUtility.quickSort(MathUtility.java:180)
	at com.sirma.itt.javacourse.utility.MathUtility.quickSort(MathUtility.java:180)
	at com.sirma.itt.javacourse.utility.MathUtility.quickSort(MathUtility.java:180)
	at com.sirma.itt.javacourse.utility.MathUtility.quickSort(MathUtility.java:180)
	at com.sirma.itt.javacourse.utility.MathUtility.quickSort(MathUtility.java:180)
	at com.sirma.itt.javacourse.utility.MathUtility.quickSort(MathUtility.java:180)
	at com.sirma.itt.javacourse.utility.MathUtility.quickSort(MathUtility.java:180)
	at com.sirma.itt.javacourse.utility.MathUtility.quickSort(MathUtility.java:180)
	at com.sirma.itt.javacourse.utility.MathUtility.quickSort(MathUtility.java:180)
	at com.sirma.itt.javacourse.utility.MathUtility.quickSort(MathUtility.java:180)
	at com.sirma.itt.javacourse.utility.MathUtility.quickSort(MathUtility.java:180)
	at com.sirma.itt.javacourse.utility.MathUtility.quickSort(MathUtility.java:180)
	at com.sirma.itt.javacourse.utility.MathUtility.quickSort(MathUtility.java:180)
	at com.sirma.itt.javacourse.utility.MathUtility.quickSort(MathUtility.java:180)
	at com.sirma.itt.javacourse.utility.MathUtility.quickSort(MathUtility.java:180)
	at com.sirma.itt.javacourse.utility.MathUtility.quickSort(MathUtility.java:180)
	at com.sirma.itt.javacourse.utility.MathUtility.quickSort(MathUtility.java:180)
	at com.sirma.itt.javacourse.utility.MathUtility.quickSort(MathUtility.java:180)
	at com.sirma.itt.javacourse.utility.MathUtility.quickSort(MathUtility.java:180)
	at com.sirma.itt.javacourse.utility.MathUtility.quickSort(MathUtility.java:180)
	at com.sirma.itt.javacourse.utility.MathUtility.quickSort(MathUtility.java:180)
	at com.sirma.itt.javacourse.utility.MathUtility.quickSort(MathUtility.java:180)
	at com.sirma.itt.javacourse.utility.MathUtility.quickSort(MathUtility.java:180)
	at com.sirma.itt.javacourse.utility.MathUtility.quickSort(MathUtility.java:180)
	at com.sirma.itt.javacourse.utility.MathUtility.quickSort(MathUtility.java:180)
	at com.sirma.itt.javacourse.utility.MathUtility.quickSort(MathUtility.java:180)
	at com.sirma.itt.javacourse.utility.MathUtility.quickSort(MathUtility.java:180)
	at com.sirma.itt.javacourse.utility.MathUtility.quickSort(MathUtility.java:180)
	at com.sirma.itt.javacourse.utility.MathUtility.quickSort(MathUtility.java:180)
	at com.sirma.itt.javacourse.utility.MathUtility.quickSort(MathUtility.java:180)
	at com.sirma.itt.javacourse.utility.MathUtility.quickSort(MathUtility.java:180)
	at com.sirma.itt.javacourse.utility.MathUtility.quickSort(MathUtility.java:180)
	at com.sirma.itt.javacourse.utility.MathUtility.quickSort(MathUtility.java:180)
	at com.sirma.itt.javacourse.utility.MathUtility.quickSort(MathUtility.java:180)
	at com.sirma.itt.javacourse.utility.MathUtility.quickSort(MathUtility.java:180)
	at com.sirma.itt.javacourse.utility.MathUtility.quickSort(MathUtility.java:180)
	at com.sirma.itt.javacourse.utility.MathUtility.quickSort(MathUtility.java:180)
	at com.sirma.itt.javacourse.utility.MathUtility.quickSort(MathUtility.java:180)
	at com.sirma.itt.javacourse.utility.MathUtility.quickSort(MathUtility.java:180)
	at com.sirma.itt.javacourse.utility.MathUtility.quickSort(MathUtility.java:180)
	at com.sirma.itt.javacourse.utility.MathUtility.quickSort(MathUtility.java:180)
	at com.sirma.itt.javacourse.utility.MathUtility.quickSort(MathUtility.java:180)
	at com.sirma.itt.javacourse.utility.MathUtility.quickSort(MathUtility.java:180)
	at com.sirma.itt.javacourse.utility.MathUtility.quickSort(MathUtility.java:180)
	at com.sirma.itt.javacourse.utility.MathUtility.quickSort(MathUtility.java:180)
	at com.sirma.itt.javacourse.utility.MathUtility.quickSort(MathUtility.java:180)
	at com.sirma.itt.javacourse.utility.MathUtility.quickSort(MathUtility.java:180)
	at com.sirma.itt.javacourse.utility.MathUtility.quickSort(MathUtility.java:180)
	at com.sirma.itt.javacourse.utility.MathUtility.quickSort(MathUtility.java:180)
	at com.sirma.itt.javacourse.utility.MathUtility.quickSort(MathUtility.java:180)
	at com.sirma.itt.javacourse.utility.MathUtility.quickSort(MathUtility.java:180)
	at com.sirma.itt.javacourse.utility.MathUtility.quickSort(MathUtility.java:180)
	at com.sirma.itt.javacourse.utility.MathUtility.quickSort(MathUtility.java:180)
	at com.sirma.itt.javacourse.utility.MathUtility.quickSort(MathUtility.java:180)
	at com.sirma.itt.javacourse.utility.MathUtility.quickSort(MathUtility.java:180)
	at com.sirma.itt.javacourse.utility.MathUtility.quickSort(MathUtility.java:180)
	at com.sirma.itt.javacourse.utility.MathUtility.quickSort(MathUtility.java:180)
	at com.sirma.itt.javacourse.utility.MathUtility.quickSort(MathUtility.java:180)
	at com.sirma.itt.javacourse.utility.MathUtility.quickSort(MathUtility.java:180)
	at com.sirma.itt.javacourse.utility.MathUtility.quickSort(MathUtility.java:180)
	at com.sirma.itt.javacourse.utility.MathUtility.quickSort(MathUtility.java:180)
	at com.sirma.itt.javacourse.utility.MathUtility.quickSort(MathUtility.java:180)
	at com.sirma.itt.javacourse.utility.MathUtility.quickSort(MathUtility.java:180)
	at com.sirma.itt.javacourse.utility.MathUtility.quickSort(MathUtility.java:180)
	at com.sirma.itt.javacourse.utility.MathUtility.quickSort(MathUtility.java:180)
	at com.sirma.itt.javacourse.utility.MathUtility.quickSort(MathUtility.java:180)
	at com.sirma.itt.javacourse.utility.MathUtility.quickSort(MathUtility.java:180)
	at com.sirma.itt.javacourse.utility.MathUtility.quickSort(MathUtility.java:180)
	at com.sirma.itt.javacourse.utility.MathUtility.quickSort(MathUtility.java:180)
	at com.sirma.itt.javacourse.utility.MathUtility.quickSort(MathUtility.java:180)
	at com.sirma.itt.javacourse.utility.MathUtility.quickSort(MathUtility.java:180)
	at com.sirma.itt.javacourse.utility.MathUtility.quickSort(MathUtility.java:180)
	at com.sirma.itt.javacourse.utility.MathUtility.quickSort(MathUtility.java:180)
	at com.sirma.itt.javacourse.utility.MathUtility.quickSort(MathUtility.java:180)
	at com.sirma.itt.javacourse.utility.MathUtility.quickSort(MathUtility.java:180)
	at com.sirma.itt.javacourse.utility.MathUtility.quickSort(MathUtility.java:180)
	at com.sirma.itt.javacourse.utility.MathUtility.quickSort(MathUtility.java:180)
	at com.sirma.itt.javacourse.utility.MathUtility.quickSort(MathUtility.java:180)
	at com.sirma.itt.javacourse.utility.MathUtility.quickSort(MathUtility.java:180)
	at com.sirma.itt.javacourse.utility.MathUtility.quickSort(MathUtility.java:180)
	at com.sirma.itt.javacourse.utility.MathUtility.quickSort(MathUtility.java:180)
	at com.sirma.itt.javacourse.utility.MathUtility.quickSort(MathUtility.java:180)
	at com.sirma.itt.javacourse.utility.MathUtility.quickSort(MathUtility.java:180)
	at com.sirma.itt.javacourse.utility.MathUtility.quickSort(MathUtility.java:180)
	at com.sirma.itt.javacourse.utility.MathUtility.quickSort(MathUtility.java:180)
	at com.sirma.itt.javacourse.utility.MathUtility.quickSort(MathUtility.java:180)
	at com.sirma.itt.javacourse.utility.MathUtility.quickSort(MathUtility.java:180)
	at com.sirma.itt.javacourse.utility.MathUtility.quickSort(MathUtility.java:180)
	at com.sirma.itt.javacourse.utility.MathUtility.quickSort(MathUtility.java:180)
	at com.sirma.itt.javacourse.utility.MathUtility.quickSort(MathUtility.java:180)
	at com.sirma.itt.javacourse.utility.MathUtility.quickSort(MathUtility.java:180)
	at com.sirma.itt.javacourse.utility.MathUtility.quickSort(MathUtility.java:180)
	at com.sirma.itt.javacourse.utility.MathUtility.quickSort(MathUtility.java:180)
	at com.sirma.itt.javacourse.utility.MathUtility.quickSort(MathUtility.java:180)
	at com.sirma.itt.javacourse.utility.MathUtility.quickSort(MathUtility.java:180)
	at com.sirma.itt.javacourse.utility.MathUtility.quickSort(MathUtility.java:180)
	at com.sirma.itt.javacourse.utility.MathUtility.quickSort(MathUtility.java:180)
	at com.sirma.itt.javacourse.utility.MathUtility.quickSort(MathUtility.java:180)
	at com.sirma.itt.javacourse.utility.MathUtility.quickSort(MathUtility.java:180)
	at com.sirma.itt.javacourse.utility.MathUtility.quickSort(MathUtility.java:180)
	at com.sirma.itt.javacourse.utility.MathUtility.quickSort(MathUtility.java:180)
	at com.sirma.itt.javacourse.utility.MathUtility.quickSort(MathUtility.java:180)
	at com.sirma.itt.javacourse.utility.MathUtility.quickSort(MathUtility.java:180)
	at com.sirma.itt.javacourse.utility.MathUtility.quickSort(MathUtility.java:180)
	at com.sirma.itt.javacourse.utility.MathUtility.quickSort(MathUtility.java:180)
	at com.sirma.itt.javacourse.utility.MathUtility.quickSort(MathUtility.java:180)
	at com.sirma.itt.javacourse.utility.MathUtility.quickSort(MathUtility.java:180)
	at com.sirma.itt.javacourse.utility.MathUtility.quickSort(MathUtility.java:180)
	at com.sirma.itt.javacourse.utility.MathUtility.quickSort(MathUtility.java:180)
	at com.sirma.itt.javacourse.utility.MathUtility.quickSort(MathUtility.java:180)
	at com.sirma.itt.javacourse.utility.MathUtility.quickSort(MathUtility.java:180)
	at com.sirma.itt.javacourse.utility.MathUtility.quickSort(MathUtility.java:180)
	at com.sirma.itt.javacourse.utility.MathUtility.quickSort(MathUtility.java:180)
	at com.sirma.itt.javacourse.utility.MathUtility.quickSort(MathUtility.java:180)
	at com.sirma.itt.javacourse.utility.MathUtility.quickSort(MathUtility.java:180)
	at com.sirma.itt.javacourse.utility.MathUtility.quickSort(MathUtility.java:180)
	at com.sirma.itt.javacourse.utility.MathUtility.quickSort(MathUtility.java:180)
	at com.sirma.itt.javacourse.utility.MathUtility.quickSort(MathUtility.java:180)
	at com.sirma.itt.javacourse.utility.MathUtility.quickSort(MathUtility.java:180)
	at com.sirma.itt.javacourse.utility.MathUtility.quickSort(MathUtility.java:180)
	at com.sirma.itt.javacourse.utility.MathUtility.quickSort(MathUtility.java:180)
	at com.sirma.itt.javacourse.utility.MathUtility.quickSort(MathUtility.java:180)
	at com.sirma.itt.javacourse.utility.MathUtility.quickSort(MathUtility.java:180)
	at com.sirma.itt.javacourse.utility.MathUtility.quickSort(MathUtility.java:180)
	at com.sirma.itt.javacourse.utility.MathUtility.quickSort(MathUtility.java:180)
	at com.sirma.itt.javacourse.utility.MathUtility.quickSort(MathUtility.java:180)
	at com.sirma.itt.javacourse.utility.MathUtility.quickSort(MathUtility.java:180)
	at com.sirma.itt.javacourse.utility.MathUtility.quickSort(MathUtility.java:180)
	at com.sirma.itt.javacourse.utility.MathUtility.quickSort(MathUtility.java:180)
	at com.sirma.itt.javacourse.utility.MathUtility.quickSort(MathUtility.java:180)
	at com.sirma.itt.javacourse.utility.MathUtility.quickSort(MathUtility.java:180)
	at com.sirma.itt.javacourse.utility.MathUtility.quickSort(MathUtility.java:180)
	at com.sirma.itt.javacourse.utility.MathUtility.quickSort(MathUtility.java:180)
	at com.sirma.itt.javacourse.utility.MathUtility.quickSort(MathUtility.java:180)
	at com.sirma.itt.javacourse.utility.MathUtility.quickSort(MathUtility.java:180)
	at com.sirma.itt.javacourse.utility.MathUtility.quickSort(MathUtility.java:180)
	at com.sirma.itt.javacourse.utility.MathUtility.quickSort(MathUtility.java:180)
	at com.sirma.itt.javacourse.utility.MathUtility.quickSort(MathUtility.java:180)
	at com.sirma.itt.javacourse.utility.MathUtility.quickSort(MathUtility.java:180)
	at com.sirma.itt.javacourse.utility.MathUtility.quickSort(MathUtility.java:180)
	at com.sirma.itt.javacourse.utility.MathUtility.quickSort(MathUtility.java:180)
	at com.sirma.itt.javacourse.utility.MathUtility.quickSort(MathUtility.java:180)
	at com.sirma.itt.javacourse.utility.MathUtility.quickSort(MathUtility.java:180)
	at com.sirma.itt.javacourse.utility.MathUtility.quickSort(MathUtility.java:180)
	at com.sirma.itt.javacourse.utility.MathUtility.quickSort(MathUtility.java:180)
	at com.sirma.itt.javacourse.utility.MathUtility.quickSort(MathUtility.java:180)
	at com.sirma.itt.javacourse.utility.MathUtility.quickSort(MathUtility.java:180)
	at com.sirma.itt.javacourse.utility.MathUtility.quickSort(MathUtility.java:180)
	at com.sirma.itt.javacourse.utility.MathUtility.quickSort(MathUtility.java:180)
	at com.sirma.itt.javacourse.utility.MathUtility.quickSort(MathUtility.java:180)
	at com.sirma.itt.javacourse.utility.MathUtility.quickSort(MathUtility.java:180)
	at com.sirma.itt.javacourse.utility.MathUtility.quickSort(MathUtility.java:180)
	at com.sirma.itt.javacourse.utility.MathUtility.quickSort(MathUtility.java:180)
	at com.sirma.itt.javacourse.utility.MathUtility.quickSort(MathUtility.java:180)
	at com.sirma.itt.javacourse.utility.MathUtility.quickSort(MathUtility.java:180)
	at com.sirma.itt.javacourse.utility.MathUtility.quickSort(MathUtility.java:180)
	at com.sirma.itt.javacourse.utility.MathUtility.quickSort(MathUtility.java:180)
	at com.sirma.itt.javacourse.utility.MathUtility.quickSort(MathUtility.java:180)
	at com.sirma.itt.javacourse.utility.MathUtility.quickSort(MathUtility.java:180)
	at com.sirma.itt.javacourse.utility.MathUtility.quickSort(MathUtility.java:180)
	at com.sirma.itt.javacourse.utility.MathUtility.quickSort(MathUtility.java:180)
	at com.sirma.itt.javacourse.utility.MathUtility.quickSort(MathUtility.java:180)
	at com.sirma.itt.javacourse.utility.MathUtility.quickSort(MathUtility.java:180)
	at com.sirma.itt.javacourse.utility.MathUtility.quickSort(MathUtility.java:180)
	at com.sirma.itt.javacourse.utility.MathUtility.quickSort(MathUtility.java:180)
	at com.sirma.itt.javacourse.utility.MathUtility.quickSort(MathUtility.java:180)
	at com.sirma.itt.javacourse.utility.MathUtility.quickSort(MathUtility.java:180)
	at com.sirma.itt.javacourse.utility.MathUtility.quickSort(MathUtility.java:180)
	at com.sirma.itt.javacourse.utility.MathUtility.quickSort(MathUtility.java:180)
	at com.sirma.itt.javacourse.utility.MathUtility.quickSort(MathUtility.java:180)
	at com.sirma.itt.javacourse.utility.MathUtility.quickSort(MathUtility.java:180)
	at com.sirma.itt.javacourse.utility.MathUtility.quickSort(MathUtility.java:180)
	at com.sirma.itt.javacourse.utility.MathUtility.quickSort(MathUtility.java:180)
	at com.sirma.itt.javacourse.utility.MathUtility.quickSort(MathUtility.java:180)
	at com.sirma.itt.javacourse.utility.MathUtility.quickSort(MathUtility.java:180)
	at com.sirma.itt.javacourse.utility.MathUtility.quickSort(MathUtility.java:180)
	at com.sirma.itt.javacourse.utility.MathUtility.quickSort(MathUtility.java:180)
	at com.sirma.itt.javacourse.utility.MathUtility.quickSort(MathUtility.java:180)
	at com.sirma.itt.javacourse.utility.MathUtility.quickSort(MathUtility.java:180)
	at com.sirma.itt.javacourse.utility.MathUtility.quickSort(MathUtility.java:180)
	at com.sirma.itt.javacourse.utility.MathUtility.quickSort(MathUtility.java:180)
	at com.sirma.itt.javacourse.utility.MathUtility.quickSort(MathUtility.java:180)
	at com.sirma.itt.javacourse.utility.MathUtility.quickSort(MathUtility.java:180)
	at com.sirma.itt.javacourse.utility.MathUtility.quickSort(MathUtility.java:180)
	at com.sirma.itt.javacourse.utility.MathUtility.quickSort(MathUtility.java:180)
	at com.sirma.itt.javacourse.utility.MathUtility.quickSort(MathUtility.java:180)
	at com.sirma.itt.javacourse.utility.MathUtility.quickSort(MathUtility.java:180)
	at com.sirma.itt.javacourse.utility.MathUtility.quickSort(MathUtility.java:180)
	at com.sirma.itt.javacourse.utility.MathUtility.quickSort(MathUtility.java:180)
	at com.sirma.itt.javacourse.utility.MathUtility.quickSort(MathUtility.java:180)
	at com.sirma.itt.javacourse.utility.MathUtility.quickSort(MathUtility.java:180)
	at com.sirma.itt.javacourse.utility.MathUtility.quickSort(MathUtility.java:180)
	at com.sirma.itt.javacourse.utility.MathUtility.quickSort(MathUtility.java:180)
	at com.sirma.itt.javacourse.utility.MathUtility.quickSort(MathUtility.java:180)
	at com.sirma.itt.javacourse.utility.MathUtility.quickSort(MathUtility.java:180)
	at com.sirma.itt.javacourse.utility.MathUtility.quickSort(MathUtility.java:180)
	at com.sirma.itt.javacourse.utility.MathUtility.quickSort(MathUtility.java:180)
	at com.sirma.itt.javacourse.utility.MathUtility.quickSort(MathUtility.java:180)
	at com.sirma.itt.javacourse.utility.MathUtility.quickSort(MathUtility.java:180)
	at com.sirma.itt.javacourse.utility.MathUtility.quickSort(MathUtility.java:180)
	at com.sirma.itt.javacourse.utility.MathUtility.quickSort(MathUtility.java:180)
	at com.sirma.itt.javacourse.utility.MathUtility.quickSort(MathUtility.java:180)
	at com.sirma.itt.javacourse.utility.MathUtility.quickSort(MathUtility.java:180)
	at com.sirma.itt.javacourse.utility.MathUtility.quickSort(MathUtility.java:180)
	at com.sirma.itt.javacourse.utility.MathUtility.quickSort(MathUtility.java:180)
	at com.sirma.itt.javacourse.utility.MathUtility.quickSort(MathUtility.java:180)
	at com.sirma.itt.javacourse.utility.MathUtility.quickSort(MathUtility.java:180)
	at com.sirma.itt.javacourse.utility.MathUtility.quickSort(MathUtility.java:180)
	at com.sirma.itt.javacourse.utility.MathUtility.quickSort(MathUtility.java:180)
	at com.sirma.itt.javacourse.utility.MathUtility.quickSort(MathUtility.java:180)
	at com.sirma.itt.javacourse.utility.MathUtility.quickSort(MathUtility.java:180)
	at com.sirma.itt.javacourse.utility.MathUtility.quickSort(MathUtility.java:180)
	at com.sirma.itt.javacourse.utility.MathUtility.quickSort(MathUtility.java:180)
	at com.sirma.itt.javacourse.utility.MathUtility.quickSort(MathUtility.java:180)
	at com.sirma.itt.javacourse.utility.MathUtility.quickSort(MathUtility.java:180)
	at com.sirma.itt.javacourse.utility.MathUtility.quickSort(MathUtility.java:180)
	at com.sirma.itt.javacourse.utility.MathUtility.quickSort(MathUtility.java:180)
	at com.sirma.itt.javacourse.utility.MathUtility.quickSort(MathUtility.java:180)
	at com.sirma.itt.javacourse.utility.MathUtility.quickSort(MathUtility.java:180)
	at com.sirma.itt.javacourse.utility.MathUtility.quickSort(MathUtility.java:180)
	at com.sirma.itt.javacourse.utility.MathUtility.quickSort(MathUtility.java:180)
	at com.sirma.itt.javacourse.utility.MathUtility.quickSort(MathUtility.java:180)
	at com.sirma.itt.javacourse.utility.MathUtility.quickSort(MathUtility.java:180)
	at com.sirma.itt.javacourse.utility.MathUtility.quickSort(MathUtility.java:180)
	at com.sirma.itt.javacourse.utility.MathUtility.quickSort(MathUtility.java:180)
	at com.sirma.itt.javacourse.utility.MathUtility.quickSort(MathUtility.java:180)
	at com.sirma.itt.javacourse.utility.MathUtility.quickSort(MathUtility.java:180)
	at com.sirma.itt.javacourse.utility.MathUtility.quickSort(MathUtility.java:180)
	at com.sirma.itt.javacourse.utility.MathUtility.quickSort(MathUtility.java:180)
	at com.sirma.itt.javacourse.utility.MathUtility.quickSort(MathUtility.java:180)
	at com.sirma.itt.javacourse.utility.MathUtility.quickSort(MathUtility.java:180)
	at com.sirma.itt.javacourse.utility.MathUtility.quickSort(MathUtility.java:180)
	at com.sirma.itt.javacourse.utility.MathUtility.quickSort(MathUtility.java:180)
	at com.sirma.itt.javacourse.utility.MathUtility.quickSort(MathUtility.java:180)
	at com.sirma.itt.javacourse.utility.MathUtility.quickSort(MathUtility.java:180)
	at com.sirma.itt.javacourse.utility.MathUtility.quickSort(MathUtility.java:180)
	at com.sirma.itt.javacourse.utility.MathUtility.quickSort(MathUtility.java:180)
	at com.sirma.itt.javacourse.utility.MathUtility.quickSort(MathUtility.java:180)
	at com.sirma.itt.javacourse.utility.MathUtility.quickSort(MathUtility.java:180)
	at com.sirma.itt.javacourse.utility.MathUtility.quickSort(MathUtility.java:180)
	at com.sirma.itt.javacourse.utility.MathUtility.quickSort(MathUtility.java:180)
	at com.sirma.itt.javacourse.utility.MathUtility.quickSort(MathUtility.java:180)
	at com.sirma.itt.javacourse.utility.MathUtility.quickSort(MathUtility.java:180)
	at com.sirma.itt.javacourse.utility.MathUtility.quickSort(MathUtility.java:180)
	at com.sirma.itt.javacourse.utility.MathUtility.quickSort(MathUtility.java:180)
	at com.sirma.itt.javacourse.utility.MathUtility.quickSort(MathUtility.java:180)
	at com.sirma.itt.javacourse.utility.MathUtility.quickSort(MathUtility.java:180)
	at com.sirma.itt.javacourse.utility.MathUtility.quickSort(MathUtility.java:180)
	at com.sirma.itt.javacourse.utility.MathUtility.quickSort(MathUtility.java:180)
	at com.sirma.itt.javacourse.utility.MathUtility.quickSort(MathUtility.java:180)
	at com.sirma.itt.javacourse.utility.MathUtility.quickSort(MathUtility.java:180)
	at com.sirma.itt.javacourse.utility.MathUtility.quickSort(MathUtility.java:180)
	at com.sirma.itt.javacourse.utility.MathUtility.quickSort(MathUtility.java:180)
	at com.sirma.itt.javacourse.utility.MathUtility.quickSort(MathUtility.java:180)
	at com.sirma.itt.javacourse.utility.MathUtility.quickSort(MathUtility.java:180)
	at com.sirma.itt.javacourse.utility.MathUtility.quickSort(MathUtility.java:180)
	at com.sirma.itt.javacourse.utility.MathUtility.quickSort(MathUtility.java:180)
	at com.sirma.itt.javacourse.utility.MathUtility.quickSort(MathUtility.java:180)
	at com.sirma.itt.javacourse.utility.MathUtility.quickSort(MathUtility.java:180)
	at com.sirma.itt.javacourse.utility.MathUtility.quickSort(MathUtility.java:180)
	at com.sirma.itt.javacourse.utility.MathUtility.quickSort(MathUtility.java:180)
	at com.sirma.itt.javacourse.utility.MathUtility.quickSort(MathUtility.java:180)
	at com.sirma.itt.javacourse.utility.MathUtility.quickSort(MathUtility.java:180)
	at com.sirma.itt.javacourse.utility.MathUtility.quickSort(MathUtility.java:180)
	at com.sirma.itt.javacourse.utility.MathUtility.quickSort(MathUtility.java:180)
	at com.sirma.itt.javacourse.utility.MathUtility.quickSort(MathUtility.java:180)
	at com.sirma.itt.javacourse.utility.MathUtility.quickSort(MathUtility.java:180)
	at com.sirma.itt.javacourse.utility.MathUtility.quickSort(MathUtility.java:180)
	at com.sirma.itt.javacourse.utility.MathUtility.quickSort(MathUtility.java:180)
	at com.sirma.itt.javacourse.utility.MathUtility.quickSort(MathUtility.java:180)
	at com.sirma.itt.javacourse.utility.MathUtility.quickSort(MathUtility.java:180)
	at com.sirma.itt.javacourse.utility.MathUtility.quickSort(MathUtility.java:180)
	at com.sirma.itt.javacourse.utility.MathUtility.quickSort(MathUtility.java:180)
	at com.sirma.itt.javacourse.utility.MathUtility.quickSort(MathUtility.java:180)
	at com.sirma.itt.javacourse.utility.MathUtility.quickSort(MathUtility.java:180)
	at com.sirma.itt.javacourse.utility.MathUtility.quickSort(MathUtility.java:180)
	at com.sirma.itt.javacourse.utility.MathUtility.quickSort(MathUtility.java:180)
	at com.sirma.itt.javacourse.utility.MathUtility.quickSort(MathUtility.java:180)
	at com.sirma.itt.javacourse.utility.MathUtility.quickSort(MathUtility.java:180)
	at com.sirma.itt.javacourse.utility.MathUtility.quickSort(MathUtility.java:180)
	at com.sirma.itt.javacourse.utility.MathUtility.quickSort(MathUtility.java:180)
	at com.sirma.itt.javacourse.utility.MathUtility.quickSort(MathUtility.java:180)
	at com.sirma.itt.javacourse.utility.MathUtility.quickSort(MathUtility.java:180)
	at com.sirma.itt.javacourse.utility.MathUtility.quickSort(MathUtility.java:180)
	at com.sirma.itt.javacourse.utility.MathUtility.quickSort(MathUtility.java:180)
	at com.sirma.itt.javacourse.utility.MathUtility.quickSort(MathUtility.java:180)
	at com.sirma.itt.javacourse.utility.MathUtility.quickSort(MathUtility.java:180)
	at com.sirma.itt.javacourse.utility.MathUtility.quickSort(MathUtility.java:180)
	at com.sirma.itt.javacourse.utility.MathUtility.quickSort(MathUtility.java:180)
	at com.sirma.itt.javacourse.utility.MathUtility.quickSort(MathUtility.java:180)
	at com.sirma.itt.javacourse.utility.MathUtility.quickSort(MathUtility.java:180)
	at com.sirma.itt.javacourse.utility.MathUtility.quickSort(MathUtility.java:180)
	at com.sirma.itt.javacourse.utility.MathUtility.quickSort(MathUtility.java:180)
	at com.sirma.itt.javacourse.utility.MathUtility.quickSort(MathUtility.java:180)
	at com.sirma.itt.javacourse.utility.MathUtility.quickSort(MathUtility.java:180)
	at com.sirma.itt.javacourse.utility.MathUtility.quickSort(MathUtility.java:180)
	at com.sirma.itt.javacourse.utility.MathUtility.quickSort(MathUtility.java:180)
	at com.sirma.itt.javacourse.utility.MathUtility.quickSort(MathUtility.java:180)
	at com.sirma.itt.javacourse.utility.MathUtility.quickSort(MathUtility.java:180)
	at com.sirma.itt.javacourse.utility.MathUtility.quickSort(MathUtility.java:180)
	at com.sirma.itt.javacourse.utility.MathUtility.quickSort(MathUtility.java:180)
	at com.sirma.itt.javacourse.utility.MathUtility.quickSort(MathUtility.java:180)
	at com.sirma.itt.javacourse.utility.MathUtility.quickSort(MathUtility.java:180)
	at com.sirma.itt.javacourse.utility.MathUtility.quickSort(MathUtility.java:180)
	at com.sirma.itt.javacourse.utility.MathUtility.quickSort(MathUtility.java:180)
	at com.sirma.itt.javacourse.utility.MathUtility.quickSort(MathUtility.java:180)
	at com.sirma.itt.javacourse.utility.MathUtility.quickSort(MathUtility.java:180)
	at com.sirma.itt.javacourse.utility.MathUtility.quickSort(MathUtility.java:180)
	at com.sirma.itt.javacourse.utility.MathUtility.quickSort(MathUtility.java:180)
	at com.sirma.itt.javacourse.utility.MathUtility.quickSort(MathUtility.java:180)
	at com.sirma.itt.javacourse.utility.MathUtility.quickSort(MathUtility.java:180)
	at com.sirma.itt.javacourse.utility.MathUtility.quickSort(MathUtility.java:180)
	at com.sirma.itt.javacourse.utility.MathUtility.quickSort(MathUtility.java:180)
	at com.sirma.itt.javacourse.utility.MathUtility.quickSort(MathUtility.java:180)
	at com.sirma.itt.javacourse.utility.MathUtility.quickSort(MathUtility.java:180)
	at com.sirma.itt.javacourse.utility.MathUtility.quickSort(MathUtility.java:180)
	at com.sirma.itt.javacourse.utility.MathUtility.quickSort(MathUtility.java:180)
	at com.sirma.itt.javacourse.utility.MathUtility.quickSort(MathUtility.java:180)
	at com.sirma.itt.javacourse.utility.MathUtility.quickSort(MathUtility.java:180)
	at com.sirma.itt.javacourse.utility.MathUtility.quickSort(MathUtility.java:180)
	at com.sirma.itt.javacourse.utility.MathUtility.quickSort(MathUtility.java:180)
	at com.sirma.itt.javacourse.utility.MathUtility.quickSort(MathUtility.java:180)
	at com.sirma.itt.javacourse.utility.MathUtility.quickSort(MathUtility.java:180)
	at com.sirma.itt.javacourse.utility.MathUtility.quickSort(MathUtility.java:180)
	at com.sirma.itt.javacourse.utility.MathUtility.quickSort(MathUtility.java:180)
	at com.sirma.itt.javacourse.utility.MathUtility.quickSort(MathUtility.java:180)
	at com.sirma.itt.javacourse.utility.MathUtility.quickSort(MathUtility.java:180)
	at com.sirma.itt.javacourse.utility.MathUtility.quickSort(MathUtility.java:180)
	at com.sirma.itt.javacourse.utility.MathUtility.quickSort(MathUtility.java:180)
	at com.sirma.itt.javacourse.utility.MathUtility.quickSort(MathUtility.java:180)
	at com.sirma.itt.javacourse.utility.MathUtility.quickSort(MathUtility.java:180)
	at com.sirma.itt.javacourse.utility.MathUtility.quickSort(MathUtility.java:180)
	at com.sirma.itt.javacourse.utility.MathUtility.quickSort(MathUtility.java:180)
	at com.sirma.itt.javacourse.utility.MathUtility.quickSort(MathUtility.java:180)
	at com.sirma.itt.javacourse.utility.MathUtility.quickSort(MathUtility.java:180)
	at com.sirma.itt.javacourse.utility.MathUtility.quickSort(MathUtility.java:180)
	at com.sirma.itt.javacourse.utility.MathUtility.quickSort(MathUtility.java:180)
	at com.sirma.itt.javacourse.utility.MathUtility.quickSort(MathUtility.java:180)
	at com.sirma.itt.javacourse.utility.MathUtility.quickSort(MathUtility.java:180)
	at com.sirma.itt.javacourse.utility.MathUtility.quickSort(MathUtility.java:180)
	at com.sirma.itt.javacourse.utility.MathUtility.quickSort(MathUtility.java:180)
	at com.sirma.itt.javacourse.utility.MathUtility.quickSort(MathUtility.java:180)
	at com.sirma.itt.javacourse.utility.MathUtility.quickSort(MathUtility.java:180)
]]>
    </failure>
  </testcase> <!-- testQuickSort -->
</testsuite> <!-- com.sirma.itt.javacourse.intro.tests.TestQuickSort -->
