<?xml version="1.0" encoding="UTF-8"?>
<!-- Generated by org.testng.reporters.JUnitReportReporter -->
<testsuite hostname="tpetrov-PC" name="com.sirma.itt.javacourse.intro.tests.TestSwap" tests="1" failures="0" timestamp="18 Jul 2014 07:57:53 GMT" time="674.000" errors="0">
  <testcase name="testSwap" time="674.000" classname="com.sirma.itt.javacourse.intro.tests.TestSwap"/>
</testsuite> <!-- com.sirma.itt.javacourse.intro.tests.TestSwap -->
