<?xml version="1.0" encoding="UTF-8"?>
<!-- Generated by org.testng.reporters.JUnitReportReporter -->
<testsuite hostname="tpetrov-PC" name="com.sirma.itt.javacourse.intro.tests.TestQuickSort" tests="2" failures="0" timestamp="28 Jul 2014 06:59:16 GMT" time="0.016" errors="0">
  <testcase name="testQuickSort" time="0.000" classname="com.sirma.itt.javacourse.intro.tests.TestQuickSort"/>
  <testcase name="testQuickSort" time="0.016" classname="com.sirma.itt.javacourse.intro.tests.TestQuickSort"/>
</testsuite> <!-- com.sirma.itt.javacourse.intro.tests.TestQuickSort -->
