<?xml version="1.0" encoding="UTF-8"?>
<!-- Generated by org.testng.reporters.JUnitReportReporter -->
<testsuite hostname="tpetrov-PC" name="com.sirma.itt.javacourse.javaobjects.test.TestSumatorIntegers" tests="4" failures="0" timestamp="8 Sep 2014 15:02:50 GMT" time="0.062" errors="0">
  <testcase name="getSum" time="0.000" classname="com.sirma.itt.javacourse.javaobjects.test.TestSumatorIntegers"/>
  <testcase name="getSum" time="0.000" classname="com.sirma.itt.javacourse.javaobjects.test.TestSumatorIntegers"/>
  <testcase name="getSum" time="0.062" classname="com.sirma.itt.javacourse.javaobjects.test.TestSumatorIntegers"/>
  <testcase name="getSum" time="0.000" classname="com.sirma.itt.javacourse.javaobjects.test.TestSumatorIntegers"/>
</testsuite> <!-- com.sirma.itt.javacourse.javaobjects.test.TestSumatorIntegers -->
