<?xml version="1.0" encoding="UTF-8"?>
<!-- Generated by org.testng.reporters.JUnitReportReporter -->
<testsuite hostname="tpetrov-PC" name="com.sirma.itt.javacourse.javaobjects.test.TestSumator" tests="4" failures="0" timestamp="11 Sep 2014 13:02:17 GMT" time="0.032" errors="0">
  <testcase name="getSum" time="0.016" classname="com.sirma.itt.javacourse.javaobjects.test.TestSumator"/>
  <testcase name="getSum" time="0.016" classname="com.sirma.itt.javacourse.javaobjects.test.TestSumator"/>
  <testcase name="getSum" time="0.000" classname="com.sirma.itt.javacourse.javaobjects.test.TestSumator"/>
  <testcase name="getSum" time="0.000" classname="com.sirma.itt.javacourse.javaobjects.test.TestSumator"/>
</testsuite> <!-- com.sirma.itt.javacourse.javaobjects.test.TestSumator -->
